Using pre-set license
Built from '2020.3/staging' branch; Version is '2020.3.0f1 (c7b5465681fb) revision 13088070'; Using compiler version '192528614'; Build Type 'Release'
OS: 'Windows 10 Home; OS build 19042.1415; Version 2009; 64bit' Language: 'en' Physical Memory: 15970 MB
BatchMode: 1, IsHumanControllingUs: 0, StartBugReporterOnCrash: 0, Is64bit: 1, IsPro: 0

 COMMAND LINE ARGUMENTS:
C:\Program Files\Unity\Hub\Editor\2020.3.0f1\Editor\Unity.exe
-adb2
-batchMode
-noUpm
-name
AssetImportWorker0
-projectPath
C:/Users/csviv/Desktop/unity/laika game
-logFile
Logs/AssetImportWorker0.log
-srvPort
53537
Successfully changed project path to: C:/Users/csviv/Desktop/unity/laika game
C:/Users/csviv/Desktop/unity/laika game
Using Asset Import Pipeline V2.
Refreshing native plugins compatible for Editor in 232.83 ms, found 1 plugins.
Preloading 0 native plugins for Editor in 0.00 ms.
Initialize engine version: 2020.3.0f1 (c7b5465681fb)
[Subsystems] Discovering subsystems at path C:/Program Files/Unity/Hub/Editor/2020.3.0f1/Editor/Data/Resources/UnitySubsystems
[Subsystems] Discovering subsystems at path C:/Users/csviv/Desktop/unity/laika game/Assets
GfxDevice: creating device client; threaded=0
Direct3D:
    Version:  Direct3D 11.0 [level 11.1]
    Renderer: Intel(R) Iris(R) Plus Graphics (ID=0x8a52)
    Vendor:   
    VRAM:     7985 MB
    Driver:   27.20.100.9621
Shader 'Universal Render Pipeline/Particles/Lit': fallback shader 'Universal Render Pipeline/Particles/SimpleLit' not found
Initialize mono
Mono path[0] = 'C:/Program Files/Unity/Hub/Editor/2020.3.0f1/Editor/Data/Managed'
Mono path[1] = 'C:/Program Files/Unity/Hub/Editor/2020.3.0f1/Editor/Data/MonoBleedingEdge/lib/mono/unityjit'
Mono config path = 'C:/Program Files/Unity/Hub/Editor/2020.3.0f1/Editor/Data/MonoBleedingEdge/etc'
Using monoOptions --debugger-agent=transport=dt_socket,embedding=1,server=y,suspend=n,address=127.0.0.1:56448
Begin MonoManager ReloadAssembly
Registering precompiled unity dll's ...
Register platform support module: C:/Program Files/Unity/Hub/Editor/2020.3.0f1/Editor/Data/PlaybackEngines/WebGLSupport/UnityEditor.WebGL.Extensions.dll
Register platform support module: C:/Program Files/Unity/Hub/Editor/2020.3.0f1/Editor/Data/PlaybackEngines/WindowsStandaloneSupport/UnityEditor.WindowsStandalone.Extensions.dll
Registered in 0.003265 seconds.
Native extension for WindowsStandalone target not found
Native extension for WebGL target not found
Refreshing native plugins compatible for Editor in 132.51 ms, found 1 plugins.
Preloading 0 native plugins for Editor in 0.00 ms.
Invoked RoslynAnalysisRunner static constructor.
RoslynAnalysisRunner will not be running.
RoslynAnalysisRunner has terminated.
Mono: successfully reloaded assembly
- Completed reload, in  4.269 seconds
Platform modules already initialized, skipping
Registering precompiled user dll's ...
Registered in 0.002548 seconds.
Begin MonoManager ReloadAssembly
Native extension for WindowsStandalone target not found
Native extension for WebGL target not found
Refreshing native plugins compatible for Editor in 215.03 ms, found 1 plugins.
Preloading 0 native plugins for Editor in 0.00 ms.
Invoked RoslynAnalysisRunner static constructor.
RoslynAnalysisRunner will not be running.
RoslynAnalysisRunner has terminated.
Mono: successfully reloaded assembly
- Completed reload, in  1.958 seconds
Platform modules already initialized, skipping
========================================================================
Worker process is ready to serve import requests
Shader 'Universal Render Pipeline/Particles/Lit': fallback shader 'Universal Render Pipeline/Particles/SimpleLit' not found
Launched and connected shader compiler UnityShaderCompiler.exe after 0.05 seconds
Refreshing native plugins compatible for Editor in 1.12 ms, found 1 plugins.
Preloading 0 native plugins for Editor in 0.00 ms.
Unloading 3929 Unused Serialized files (Serialized files now loaded: 0)
System memory in use before: 158.2 MB.
System memory in use after: 158.4 MB.

Unloading 24 unused Assets to reduce memory usage. Loaded Objects now: 4377.
Total: 3.424200 ms (FindLiveObjects: 0.480800 ms CreateObjectMapping: 0.193200 ms MarkObjects: 2.635800 ms  DeleteObjects: 0.112400 ms)

========================================================================
Received Import Request.
  path: Assets/ClickToBind/Demo.unity
  artifactKey: Guid(dc24d3423aa432b4fb643824e30797fc) Importer(815301076,1909f56bfc062723c751e8b465ee728b)
Start importing Assets/ClickToBind/Demo.unity using Guid(dc24d3423aa432b4fb643824e30797fc) Importer(815301076,1909f56bfc062723c751e8b465ee728b)  -> (artifact id: '752b2cb89a7cdd54f5c5476f44f2aea4') in 0.034556 seconds
  Import took 0.045122 seconds .

========================================================================
Received Import Request.
  Time since last request: 0.000746 seconds.
  path: Assets/ClickToBind/KeyBinding.prefab
  artifactKey: Guid(97bad3d27bd292c4aac284388b06eba9) Importer(815301076,1909f56bfc062723c751e8b465ee728b)
Start importing Assets/ClickToBind/KeyBinding.prefab using Guid(97bad3d27bd292c4aac284388b06eba9) Importer(815301076,1909f56bfc062723c751e8b465ee728b)  -> (artifact id: 'ae00d6ca9ddf5dde68836aab08c0632a') in 0.070673 seconds
  Import took 0.080966 seconds .

========================================================================
Received Prepare
Shader 'Universal Render Pipeline/Particles/Lit': fallback shader 'Universal Render Pipeline/Particles/SimpleLit' not found
Refreshing native plugins compatible for Editor in 2.88 ms, found 1 plugins.
Preloading 0 native plugins for Editor in 0.00 ms.
Unloading 9 Unused Serialized files (Serialized files now loaded: 0)
System memory in use before: 76.9 MB.
System memory in use after: 77.1 MB.

Unloading 10 unused Assets to reduce memory usage. Loaded Objects now: 4379.
Total: 3.297000 ms (FindLiveObjects: 0.504900 ms CreateObjectMapping: 0.255900 ms MarkObjects: 2.457500 ms  DeleteObjects: 0.077700 ms)

========================================================================
Received Import Request.
  Time since last request: 57.506912 seconds.
  path: Assets/ClickToBind/KeyBindingManager.cs
  artifactKey: Guid(5c1328889f1646e4b81388262a503a59) Importer(815301076,1909f56bfc062723c751e8b465ee728b)
Start importing Assets/ClickToBind/KeyBindingManager.cs using Guid(5c1328889f1646e4b81388262a503a59) Importer(815301076,1909f56bfc062723c751e8b465ee728b)  -> (artifact id: '0a6d06052216da15016cb8ccc8b0888c') in 0.018353 seconds
  Import took 0.029683 seconds .

========================================================================
Received Import Request.
  Time since last request: 0.864896 seconds.
  path: Assets/ClickToBind/Listener.cs
  artifactKey: Guid(13a25b6c52fa6dd47badb818c967c148) Importer(815301076,1909f56bfc062723c751e8b465ee728b)
Start importing Assets/ClickToBind/Listener.cs using Guid(13a25b6c52fa6dd47badb818c967c148) Importer(815301076,1909f56bfc062723c751e8b465ee728b)  -> (artifact id: '4b21a6334d4a84e2cea16d23b965ec66') in 0.016675 seconds
  Import took 0.031789 seconds .

========================================================================
Received Import Request.
  Time since last request: 31.469858 seconds.
  path: Assets/ClickToBind/ClickToBind v 2.11.pdf
  artifactKey: Guid(90dbe7dd95efca34388d211e25a1dad4) Importer(815301076,1909f56bfc062723c751e8b465ee728b)
Start importing Assets/ClickToBind/ClickToBind v 2.11.pdf using Guid(90dbe7dd95efca34388d211e25a1dad4) Importer(815301076,1909f56bfc062723c751e8b465ee728b)  -> (artifact id: 'bb6f59bbeaae3b8bffbf5265bac8e7f2') in 0.024434 seconds
  Import took 0.036763 seconds .

========================================================================
Received Import Request.
  Time since last request: 41.501326 seconds.
  path: Assets/ClickToBind/KeyBinding.cs
  artifactKey: Guid(99e9ef378784eaf42b8ea4ce5ad86f6f) Importer(815301076,1909f56bfc062723c751e8b465ee728b)
Start importing Assets/ClickToBind/KeyBinding.cs using Guid(99e9ef378784eaf42b8ea4ce5ad86f6f) Importer(815301076,1909f56bfc062723c751e8b465ee728b)  -> (artifact id: '963ab56a759a348b56f90a0fb7bf881a') in 0.006410 seconds
  Import took 0.020640 seconds .

========================================================================
Received Import Request.
  Time since last request: 26.136089 seconds.
  path: Assets/Scenes/start.unity
  artifactKey: Guid(8d4bcae4e5ea335448883d98cac1bb83) Importer(815301076,1909f56bfc062723c751e8b465ee728b)
Start importing Assets/Scenes/start.unity using Guid(8d4bcae4e5ea335448883d98cac1bb83) Importer(815301076,1909f56bfc062723c751e8b465ee728b)  -> (artifact id: '1dc7e8f68455ba6a3324c53f46359f1e') in 0.018289 seconds
  Import took 0.035136 seconds .

========================================================================
Received Import Request.
  Time since last request: 15.850135 seconds.
  path: Assets/Scenes/mainGame.unity
  artifactKey: Guid(9fc0d4010bbf28b4594072e72b8655ab) Importer(815301076,1909f56bfc062723c751e8b465ee728b)
Start importing Assets/Scenes/mainGame.unity using Guid(9fc0d4010bbf28b4594072e72b8655ab) Importer(815301076,1909f56bfc062723c751e8b465ee728b)  -> (artifact id: '8ebc18d5442cd69e8daab179964116e5') in 0.024724 seconds
  Import took 0.038233 seconds .

========================================================================
Received Import Request.
  Time since last request: 0.001739 seconds.
  path: Assets/Scenes/mainGame.unity
  artifactKey: Guid(9fc0d4010bbf28b4594072e72b8655ab) Importer(815301076,1909f56bfc062723c751e8b465ee728b)
Start importing Assets/Scenes/mainGame.unity using Guid(9fc0d4010bbf28b4594072e72b8655ab) Importer(815301076,1909f56bfc062723c751e8b465ee728b)  -> (artifact id: '8ebc18d5442cd69e8daab179964116e5') in 0.005682 seconds
  Import took 0.018827 seconds .

========================================================================
Received Import Request.
  Time since last request: 561.670384 seconds.
  path: Assets/art/settingPanel.png
  artifactKey: Guid(a51dfd5578eb7ff40b5844651b8f3e8f) Importer(815301076,1909f56bfc062723c751e8b465ee728b)
Start importing Assets/art/settingPanel.png using Guid(a51dfd5578eb7ff40b5844651b8f3e8f) Importer(815301076,1909f56bfc062723c751e8b465ee728b)  -> (artifact id: '30ca78a06e50e8511e67bfbec9e7e97a') in 0.106923 seconds
  Import took 0.124372 seconds .

========================================================================
Received Import Request.
  Time since last request: 203.455834 seconds.
  path: Assets/ClickToBind/KeyBindingCS.prefab
  artifactKey: Guid(1449c5aa5280b814981fd2d8064a9548) Importer(815301076,1909f56bfc062723c751e8b465ee728b)
Start importing Assets/ClickToBind/KeyBindingCS.prefab using Guid(1449c5aa5280b814981fd2d8064a9548) Importer(815301076,1909f56bfc062723c751e8b465ee728b)  -> (artifact id: '52c7bd45eb50d8047b7c14c2713fbc24') in 0.015416 seconds
  Import took 0.026695 seconds .

========================================================================
Received Prepare
Registering precompiled user dll's ...
Registered in 0.003031 seconds.
Begin MonoManager ReloadAssembly
Native extension for WindowsStandalone target not found
Native extension for WebGL target not found
Refreshing native plugins compatible for Editor in 0.83 ms, found 1 plugins.
Preloading 0 native plugins for Editor in 0.00 ms.
Invoked RoslynAnalysisRunner static constructor.
RoslynAnalysisRunner will not be running.
RoslynAnalysisRunner has terminated.
Mono: successfully reloaded assembly
- Completed reload, in  1.663 seconds
Platform modules already initialized, skipping
Shader 'Universal Render Pipeline/Particles/Lit': fallback shader 'Universal Render Pipeline/Particles/SimpleLit' not found
Refreshing native plugins compatible for Editor in 1.34 ms, found 1 plugins.
Preloading 0 native plugins for Editor in 0.00 ms.
Unloading 3849 Unused Serialized files (Serialized files now loaded: 0)
System memory in use before: 155.5 MB.
System memory in use after: 155.7 MB.

Unloading 14 unused Assets to reduce memory usage. Loaded Objects now: 4388.
Total: 2.728500 ms (FindLiveObjects: 0.367900 ms CreateObjectMapping: 0.180000 ms MarkObjects: 2.079500 ms  DeleteObjects: 0.099900 ms)

========================================================================
Received Import Request.
  Time since last request: 152.832050 seconds.
  path: Assets/ClickToBind/KeyBinding.prefab
  artifactKey: Guid(97bad3d27bd292c4aac284388b06eba9) Importer(815301076,1909f56bfc062723c751e8b465ee728b)
Start importing Assets/ClickToBind/KeyBinding.prefab using Guid(97bad3d27bd292c4aac284388b06eba9) Importer(815301076,1909f56bfc062723c751e8b465ee728b)  -> (artifact id: 'e8d322add443e150b5e8e80e71589ae2') in 0.066679 seconds
  Import took 0.077518 seconds .

========================================================================
Received Import Request.
  Time since last request: 3.089807 seconds.
  path: Assets/ClickToBind/KeyBinding.prefab
  artifactKey: Guid(97bad3d27bd292c4aac284388b06eba9) Importer(815301076,1909f56bfc062723c751e8b465ee728b)
Start importing Assets/ClickToBind/KeyBinding.prefab using Guid(97bad3d27bd292c4aac284388b06eba9) Importer(815301076,1909f56bfc062723c751e8b465ee728b)  -> (artifact id: '69acdabde065ea1b608c3efb1817295b') in 0.009181 seconds
  Import took 0.018044 seconds .

========================================================================
Received Import Request.
  Time since last request: 13.862706 seconds.
  path: Assets/ClickToBind/KeyBindingCS.prefab
  artifactKey: Guid(1449c5aa5280b814981fd2d8064a9548) Importer(815301076,1909f56bfc062723c751e8b465ee728b)
Start importing Assets/ClickToBind/KeyBindingCS.prefab using Guid(1449c5aa5280b814981fd2d8064a9548) Importer(815301076,1909f56bfc062723c751e8b465ee728b)  -> (artifact id: 'c107c483a92e6f407286d01725268aff') in 0.012969 seconds
  Import took 0.025048 seconds .

========================================================================
Received Prepare
Registering precompiled user dll's ...
Registered in 0.004520 seconds.
Begin MonoManager ReloadAssembly
Native extension for WindowsStandalone target not found
Native extension for WebGL target not found
Refreshing native plugins compatible for Editor in 1.29 ms, found 1 plugins.
Preloading 0 native plugins for Editor in 0.00 ms.
Invoked RoslynAnalysisRunner static constructor.
RoslynAnalysisRunner will not be running.
RoslynAnalysisRunner has terminated.
Mono: successfully reloaded assembly
- Completed reload, in  1.617 seconds
Platform modules already initialized, skipping
Shader 'Universal Render Pipeline/Particles/Lit': fallback shader 'Universal Render Pipeline/Particles/SimpleLit' not found
Refreshing native plugins compatible for Editor in 0.86 ms, found 1 plugins.
Preloading 0 native plugins for Editor in 0.00 ms.
Unloading 3849 Unused Serialized files (Serialized files now loaded: 0)
System memory in use before: 155.9 MB.
System memory in use after: 156.2 MB.

Unloading 14 unused Assets to reduce memory usage. Loaded Objects now: 4391.
Total: 2.946700 ms (FindLiveObjects: 0.302000 ms CreateObjectMapping: 0.144900 ms MarkObjects: 2.413000 ms  DeleteObjects: 0.085900 ms)

========================================================================
Received Prepare
Registering precompiled user dll's ...
Registered in 0.003289 seconds.
Begin MonoManager ReloadAssembly
Native extension for WindowsStandalone target not found
Native extension for WebGL target not found
Refreshing native plugins compatible for Editor in 1.25 ms, found 1 plugins.
Preloading 0 native plugins for Editor in 0.00 ms.
Invoked RoslynAnalysisRunner static constructor.
RoslynAnalysisRunner will not be running.
RoslynAnalysisRunner has terminated.
Mono: successfully reloaded assembly
- Completed reload, in  1.387 seconds
Platform modules already initialized, skipping
Shader 'Universal Render Pipeline/Particles/Lit': fallback shader 'Universal Render Pipeline/Particles/SimpleLit' not found
Refreshing native plugins compatible for Editor in 1.74 ms, found 1 plugins.
Preloading 0 native plugins for Editor in 0.00 ms.
Unloading 3849 Unused Serialized files (Serialized files now loaded: 0)
System memory in use before: 156.0 MB.
System memory in use after: 156.2 MB.

Unloading 13 unused Assets to reduce memory usage. Loaded Objects now: 4394.
Total: 2.912500 ms (FindLiveObjects: 0.422100 ms CreateObjectMapping: 0.215300 ms MarkObjects: 2.188500 ms  DeleteObjects: 0.084800 ms)

========================================================================
Received Prepare
Registering precompiled user dll's ...
Registered in 0.002378 seconds.
Begin MonoManager ReloadAssembly
Native extension for WindowsStandalone target not found
Native extension for WebGL target not found
Refreshing native plugins compatible for Editor in 0.94 ms, found 1 plugins.
Preloading 0 native plugins for Editor in 0.00 ms.
Invoked RoslynAnalysisRunner static constructor.
RoslynAnalysisRunner will not be running.
RoslynAnalysisRunner has terminated.
Mono: successfully reloaded assembly
- Completed reload, in  1.576 seconds
Platform modules already initialized, skipping
Shader 'Universal Render Pipeline/Particles/Lit': fallback shader 'Universal Render Pipeline/Particles/SimpleLit' not found
Refreshing native plugins compatible for Editor in 0.87 ms, found 1 plugins.
Preloading 0 native plugins for Editor in 0.00 ms.
Unloading 3849 Unused Serialized files (Serialized files now loaded: 0)
System memory in use before: 156.0 MB.
System memory in use after: 156.2 MB.

Unloading 13 unused Assets to reduce memory usage. Loaded Objects now: 4397.
Total: 3.572500 ms (FindLiveObjects: 0.745300 ms CreateObjectMapping: 0.299700 ms MarkObjects: 2.400800 ms  DeleteObjects: 0.124600 ms)

========================================================================
Received Prepare
Registering precompiled user dll's ...
Registered in 0.004137 seconds.
Begin MonoManager ReloadAssembly
Native extension for WindowsStandalone target not found
Native extension for WebGL target not found
Refreshing native plugins compatible for Editor in 1.13 ms, found 1 plugins.
Preloading 0 native plugins for Editor in 0.00 ms.
Invoked RoslynAnalysisRunner static constructor.
RoslynAnalysisRunner will not be running.
RoslynAnalysisRunner has terminated.
Mono: successfully reloaded assembly
- Completed reload, in  1.345 seconds
Platform modules already initialized, skipping
Shader 'Universal Render Pipeline/Particles/Lit': fallback shader 'Universal Render Pipeline/Particles/SimpleLit' not found
Refreshing native plugins compatible for Editor in 1.16 ms, found 1 plugins.
Preloading 0 native plugins for Editor in 0.00 ms.
Unloading 3849 Unused Serialized files (Serialized files now loaded: 0)
System memory in use before: 156.0 MB.
System memory in use after: 156.2 MB.

Unloading 13 unused Assets to reduce memory usage. Loaded Objects now: 4400.
Total: 6.215000 ms (FindLiveObjects: 0.449200 ms CreateObjectMapping: 0.236600 ms MarkObjects: 5.368500 ms  DeleteObjects: 0.158400 ms)

========================================================================
Received Prepare
Registering precompiled user dll's ...
Registered in 0.002595 seconds.
Begin MonoManager ReloadAssembly
Native extension for WindowsStandalone target not found
Native extension for WebGL target not found
Refreshing native plugins compatible for Editor in 1.07 ms, found 1 plugins.
Preloading 0 native plugins for Editor in 0.00 ms.
Invoked RoslynAnalysisRunner static constructor.
RoslynAnalysisRunner will not be running.
RoslynAnalysisRunner has terminated.
Mono: successfully reloaded assembly
- Completed reload, in  1.211 seconds
Platform modules already initialized, skipping
Shader 'Universal Render Pipeline/Particles/Lit': fallback shader 'Universal Render Pipeline/Particles/SimpleLit' not found
Refreshing native plugins compatible for Editor in 0.74 ms, found 1 plugins.
Preloading 0 native plugins for Editor in 0.00 ms.
Unloading 3849 Unused Serialized files (Serialized files now loaded: 0)
System memory in use before: 156.0 MB.
System memory in use after: 156.2 MB.

Unloading 13 unused Assets to reduce memory usage. Loaded Objects now: 4403.
Total: 3.201700 ms (FindLiveObjects: 0.700500 ms CreateObjectMapping: 0.173500 ms MarkObjects: 2.206500 ms  DeleteObjects: 0.119800 ms)

========================================================================
Received Prepare
Registering precompiled user dll's ...
Registered in 0.002464 seconds.
Begin MonoManager ReloadAssembly
Native extension for WindowsStandalone target not found
Native extension for WebGL target not found
Refreshing native plugins compatible for Editor in 0.81 ms, found 1 plugins.
Preloading 0 native plugins for Editor in 0.00 ms.
Invoked RoslynAnalysisRunner static constructor.
RoslynAnalysisRunner will not be running.
RoslynAnalysisRunner has terminated.
Mono: successfully reloaded assembly
- Completed reload, in  1.448 seconds
Platform modules already initialized, skipping
Shader 'Universal Render Pipeline/Particles/Lit': fallback shader 'Universal Render Pipeline/Particles/SimpleLit' not found
Refreshing native plugins compatible for Editor in 0.84 ms, found 1 plugins.
Preloading 0 native plugins for Editor in 0.00 ms.
Unloading 3849 Unused Serialized files (Serialized files now loaded: 0)
System memory in use before: 156.0 MB.
System memory in use after: 156.2 MB.

Unloading 13 unused Assets to reduce memory usage. Loaded Objects now: 4406.
Total: 2.536500 ms (FindLiveObjects: 0.349100 ms CreateObjectMapping: 0.153400 ms MarkObjects: 1.947000 ms  DeleteObjects: 0.086100 ms)

========================================================================
Received Prepare
Registering precompiled user dll's ...
Registered in 0.002908 seconds.
Begin MonoManager ReloadAssembly
Native extension for WindowsStandalone target not found
Native extension for WebGL target not found
Refreshing native plugins compatible for Editor in 0.84 ms, found 1 plugins.
Preloading 0 native plugins for Editor in 0.00 ms.
Invoked RoslynAnalysisRunner static constructor.
RoslynAnalysisRunner will not be running.
RoslynAnalysisRunner has terminated.
Mono: successfully reloaded assembly
- Completed reload, in  1.354 seconds
Platform modules already initialized, skipping
Shader 'Universal Render Pipeline/Particles/Lit': fallback shader 'Universal Render Pipeline/Particles/SimpleLit' not found
Refreshing native plugins compatible for Editor in 0.91 ms, found 1 plugins.
Preloading 0 native plugins for Editor in 0.00 ms.
Unloading 3849 Unused Serialized files (Serialized files now loaded: 0)
System memory in use before: 156.0 MB.
System memory in use after: 156.3 MB.

Unloading 13 unused Assets to reduce memory usage. Loaded Objects now: 4409.
Total: 4.035900 ms (FindLiveObjects: 0.540600 ms CreateObjectMapping: 0.180700 ms MarkObjects: 3.149000 ms  DeleteObjects: 0.163600 ms)

========================================================================
Received Prepare
Registering precompiled user dll's ...
Registered in 0.003254 seconds.
Begin MonoManager ReloadAssembly
Native extension for WindowsStandalone target not found
Native extension for WebGL target not found
Refreshing native plugins compatible for Editor in 0.85 ms, found 1 plugins.
Preloading 0 native plugins for Editor in 0.00 ms.
Invoked RoslynAnalysisRunner static constructor.
RoslynAnalysisRunner will not be running.
RoslynAnalysisRunner has terminated.
Mono: successfully reloaded assembly
- Completed reload, in  1.426 seconds
Platform modules already initialized, skipping
Shader 'Universal Render Pipeline/Particles/Lit': fallback shader 'Universal Render Pipeline/Particles/SimpleLit' not found
Refreshing native plugins compatible for Editor in 0.97 ms, found 1 plugins.
Preloading 0 native plugins for Editor in 0.00 ms.
Unloading 3849 Unused Serialized files (Serialized files now loaded: 0)
System memory in use before: 156.0 MB.
System memory in use after: 156.3 MB.

Unloading 13 unused Assets to reduce memory usage. Loaded Objects now: 4412.
Total: 3.289700 ms (FindLiveObjects: 0.356700 ms CreateObjectMapping: 0.217900 ms MarkObjects: 2.634800 ms  DeleteObjects: 0.078800 ms)

========================================================================
Received Prepare
Registering precompiled user dll's ...
Registered in 0.003467 seconds.
Begin MonoManager ReloadAssembly
Native extension for WindowsStandalone target not found
Native extension for WebGL target not found
Refreshing native plugins compatible for Editor in 0.76 ms, found 1 plugins.
Preloading 0 native plugins for Editor in 0.00 ms.
Invoked RoslynAnalysisRunner static constructor.
RoslynAnalysisRunner will not be running.
RoslynAnalysisRunner has terminated.
Mono: successfully reloaded assembly
- Completed reload, in  1.163 seconds
Platform modules already initialized, skipping
Shader 'Universal Render Pipeline/Particles/Lit': fallback shader 'Universal Render Pipeline/Particles/SimpleLit' not found
Refreshing native plugins compatible for Editor in 1.24 ms, found 1 plugins.
Preloading 0 native plugins for Editor in 0.00 ms.
Unloading 3849 Unused Serialized files (Serialized files now loaded: 0)
System memory in use before: 156.0 MB.
System memory in use after: 156.3 MB.

Unloading 13 unused Assets to reduce memory usage. Loaded Objects now: 4415.
Total: 3.885600 ms (FindLiveObjects: 0.545400 ms CreateObjectMapping: 0.216200 ms MarkObjects: 3.021800 ms  DeleteObjects: 0.100300 ms)

========================================================================
Received Prepare
Registering precompiled user dll's ...
Registered in 0.004074 seconds.
Begin MonoManager ReloadAssembly
Native extension for WindowsStandalone target not found
Native extension for WebGL target not found
Refreshing native plugins compatible for Editor in 1.41 ms, found 1 plugins.
Preloading 0 native plugins for Editor in 0.00 ms.
Invoked RoslynAnalysisRunner static constructor.
RoslynAnalysisRunner will not be running.
RoslynAnalysisRunner has terminated.
Mono: successfully reloaded assembly
- Completed reload, in  1.554 seconds
Platform modules already initialized, skipping
Shader 'Universal Render Pipeline/Particles/Lit': fallback shader 'Universal Render Pipeline/Particles/SimpleLit' not found
Refreshing native plugins compatible for Editor in 0.90 ms, found 1 plugins.
Preloading 0 native plugins for Editor in 0.00 ms.
Unloading 3849 Unused Serialized files (Serialized files now loaded: 0)
System memory in use before: 156.1 MB.
System memory in use after: 156.3 MB.

Unloading 13 unused Assets to reduce memory usage. Loaded Objects now: 4418.
Total: 2.815300 ms (FindLiveObjects: 0.276400 ms CreateObjectMapping: 0.142700 ms MarkObjects: 2.316400 ms  DeleteObjects: 0.078500 ms)

========================================================================
Received Prepare
Registering precompiled user dll's ...
Registered in 0.003045 seconds.
Begin MonoManager ReloadAssembly
Native extension for WindowsStandalone target not found
Native extension for WebGL target not found
Refreshing native plugins compatible for Editor in 1.01 ms, found 1 plugins.
Preloading 0 native plugins for Editor in 0.00 ms.
Invoked RoslynAnalysisRunner static constructor.
RoslynAnalysisRunner will not be running.
RoslynAnalysisRunner has terminated.
Mono: successfully reloaded assembly
- Completed reload, in  1.375 seconds
Platform modules already initialized, skipping
Shader 'Universal Render Pipeline/Particles/Lit': fallback shader 'Universal Render Pipeline/Particles/SimpleLit' not found
Refreshing native plugins compatible for Editor in 1.26 ms, found 1 plugins.
Preloading 0 native plugins for Editor in 0.00 ms.
Unloading 3849 Unused Serialized files (Serialized files now loaded: 0)
System memory in use before: 156.1 MB.
System memory in use after: 156.3 MB.

Unloading 13 unused Assets to reduce memory usage. Loaded Objects now: 4421.
Total: 4.980100 ms (FindLiveObjects: 0.640700 ms CreateObjectMapping: 0.224300 ms MarkObjects: 4.026400 ms  DeleteObjects: 0.087100 ms)

========================================================================
Received Prepare
Registering precompiled user dll's ...
Registered in 0.002540 seconds.
Begin MonoManager ReloadAssembly
Native extension for WindowsStandalone target not found
Native extension for WebGL target not found
Refreshing native plugins compatible for Editor in 0.74 ms, found 1 plugins.
Preloading 0 native plugins for Editor in 0.00 ms.
Invoked RoslynAnalysisRunner static constructor.
RoslynAnalysisRunner will not be running.
RoslynAnalysisRunner has terminated.
Mono: successfully reloaded assembly
- Completed reload, in  1.390 seconds
Platform modules already initialized, skipping
Shader 'Universal Render Pipeline/Particles/Lit': fallback shader 'Universal Render Pipeline/Particles/SimpleLit' not found
Refreshing native plugins compatible for Editor in 0.96 ms, found 1 plugins.
Preloading 0 native plugins for Editor in 0.00 ms.
Unloading 3849 Unused Serialized files (Serialized files now loaded: 0)
System memory in use before: 156.1 MB.
System memory in use after: 156.3 MB.

Unloading 13 unused Assets to reduce memory usage. Loaded Objects now: 4424.
Total: 3.841900 ms (FindLiveObjects: 0.545400 ms CreateObjectMapping: 0.254300 ms MarkObjects: 2.937700 ms  DeleteObjects: 0.102100 ms)

========================================================================
Received Import Request.
  Time since last request: 728.105594 seconds.
  path: Assets/ClickToBind/KeyBindingCS.prefab
  artifactKey: Guid(1449c5aa5280b814981fd2d8064a9548) Importer(815301076,1909f56bfc062723c751e8b465ee728b)
Start importing Assets/ClickToBind/KeyBindingCS.prefab using Guid(1449c5aa5280b814981fd2d8064a9548) Importer(815301076,1909f56bfc062723c751e8b465ee728b)  -> (artifact id: 'f63993fc5fe5080011df85aa04cd3369') in 0.053578 seconds
  Import took 0.065300 seconds .

========================================================================
Received Import Request.
  Time since last request: 22.290761 seconds.
  path: Assets/ClickToBind/KeyBindingCS.prefab
  artifactKey: Guid(1449c5aa5280b814981fd2d8064a9548) Importer(815301076,1909f56bfc062723c751e8b465ee728b)
Start importing Assets/ClickToBind/KeyBindingCS.prefab using Guid(1449c5aa5280b814981fd2d8064a9548) Importer(815301076,1909f56bfc062723c751e8b465ee728b)  -> (artifact id: 'ee8f3e8ed6a18153f7740ad3b0c82b7d') in 0.007143 seconds
  Import took 0.019310 seconds .

========================================================================
Received Import Request.
  Time since last request: 91.274463 seconds.
  path: Assets/prefabs/UI/OptionCanvas.prefab
  artifactKey: Guid(41d542db27c78114d9848b02048b5fd2) Importer(815301076,1909f56bfc062723c751e8b465ee728b)
Start importing Assets/prefabs/UI/OptionCanvas.prefab using Guid(41d542db27c78114d9848b02048b5fd2) Importer(815301076,1909f56bfc062723c751e8b465ee728b)  -> (artifact id: '0c505e5c9efcb03d71600c704a5b1110') in 0.320407 seconds
  Import took 0.334641 seconds .

========================================================================
Received Prepare
Registering precompiled user dll's ...
Registered in 0.002321 seconds.
Begin MonoManager ReloadAssembly
Native extension for WindowsStandalone target not found
Native extension for WebGL target not found
Refreshing native plugins compatible for Editor in 0.88 ms, found 1 plugins.
Preloading 0 native plugins for Editor in 0.00 ms.
Invoked RoslynAnalysisRunner static constructor.
RoslynAnalysisRunner will not be running.
RoslynAnalysisRunner has terminated.
Mono: successfully reloaded assembly
- Completed reload, in  1.331 seconds
Platform modules already initialized, skipping
Shader 'Universal Render Pipeline/Particles/Lit': fallback shader 'Universal Render Pipeline/Particles/SimpleLit' not found
Refreshing native plugins compatible for Editor in 0.88 ms, found 1 plugins.
Preloading 0 native plugins for Editor in 0.00 ms.
Unloading 3850 Unused Serialized files (Serialized files now loaded: 0)
System memory in use before: 156.1 MB.
System memory in use after: 156.3 MB.

Unloading 14 unused Assets to reduce memory usage. Loaded Objects now: 4428.
Total: 3.991400 ms (FindLiveObjects: 0.564000 ms CreateObjectMapping: 0.284400 ms MarkObjects: 3.047600 ms  DeleteObjects: 0.093600 ms)

========================================================================
Received Prepare
Registering precompiled user dll's ...
Registered in 0.004099 seconds.
Begin MonoManager ReloadAssembly
Native extension for WindowsStandalone target not found
Native extension for WebGL target not found
Refreshing native plugins compatible for Editor in 0.94 ms, found 1 plugins.
Preloading 0 native plugins for Editor in 0.00 ms.
Invoked RoslynAnalysisRunner static constructor.
RoslynAnalysisRunner will not be running.
RoslynAnalysisRunner has terminated.
Mono: successfully reloaded assembly
- Completed reload, in  1.370 seconds
Platform modules already initialized, skipping
Shader 'Universal Render Pipeline/Particles/Lit': fallback shader 'Universal Render Pipeline/Particles/SimpleLit' not found
Refreshing native plugins compatible for Editor in 1.14 ms, found 1 plugins.
Preloading 0 native plugins for Editor in 0.00 ms.
Unloading 3850 Unused Serialized files (Serialized files now loaded: 0)
System memory in use before: 156.1 MB.
System memory in use after: 156.3 MB.

Unloading 13 unused Assets to reduce memory usage. Loaded Objects now: 4431.
Total: 3.248700 ms (FindLiveObjects: 0.442700 ms CreateObjectMapping: 0.167900 ms MarkObjects: 2.553300 ms  DeleteObjects: 0.082700 ms)

========================================================================
Received Prepare
Registering precompiled user dll's ...
Registered in 0.003927 seconds.
Begin MonoManager ReloadAssembly
Native extension for WindowsStandalone target not found
Native extension for WebGL target not found
Refreshing native plugins compatible for Editor in 0.88 ms, found 1 plugins.
Preloading 0 native plugins for Editor in 0.00 ms.
Invoked RoslynAnalysisRunner static constructor.
RoslynAnalysisRunner will not be running.
RoslynAnalysisRunner has terminated.
Mono: successfully reloaded assembly
- Completed reload, in  1.286 seconds
Platform modules already initialized, skipping
Shader 'Universal Render Pipeline/Particles/Lit': fallback shader 'Universal Render Pipeline/Particles/SimpleLit' not found
Refreshing native plugins compatible for Editor in 1.27 ms, found 1 plugins.
Preloading 0 native plugins for Editor in 0.00 ms.
Unloading 3850 Unused Serialized files (Serialized files now loaded: 0)
System memory in use before: 156.1 MB.
System memory in use after: 156.4 MB.

Unloading 13 unused Assets to reduce memory usage. Loaded Objects now: 4434.
Total: 2.643500 ms (FindLiveObjects: 0.365300 ms CreateObjectMapping: 0.185700 ms MarkObjects: 1.988400 ms  DeleteObjects: 0.102900 ms)

========================================================================
Received Prepare
Registering precompiled user dll's ...
Registered in 0.002527 seconds.
Begin MonoManager ReloadAssembly
Native extension for WindowsStandalone target not found
Native extension for WebGL target not found
Refreshing native plugins compatible for Editor in 0.81 ms, found 1 plugins.
Preloading 0 native plugins for Editor in 0.00 ms.
Invoked RoslynAnalysisRunner static constructor.
RoslynAnalysisRunner will not be running.
RoslynAnalysisRunner has terminated.
Mono: successfully reloaded assembly
- Completed reload, in  1.266 seconds
Platform modules already initialized, skipping
Shader 'Universal Render Pipeline/Particles/Lit': fallback shader 'Universal Render Pipeline/Particles/SimpleLit' not found
Refreshing native plugins compatible for Editor in 1.34 ms, found 1 plugins.
Preloading 0 native plugins for Editor in 0.00 ms.
Unloading 3850 Unused Serialized files (Serialized files now loaded: 0)
System memory in use before: 156.1 MB.
System memory in use after: 156.4 MB.

Unloading 13 unused Assets to reduce memory usage. Loaded Objects now: 4437.
Total: 3.105400 ms (FindLiveObjects: 0.413800 ms CreateObjectMapping: 0.188000 ms MarkObjects: 2.412800 ms  DeleteObjects: 0.089600 ms)

========================================================================
Received Prepare
Registering precompiled user dll's ...
Registered in 0.004028 seconds.
Begin MonoManager ReloadAssembly
Native extension for WindowsStandalone target not found
Native extension for WebGL target not found
Refreshing native plugins compatible for Editor in 0.83 ms, found 1 plugins.
Preloading 0 native plugins for Editor in 0.00 ms.
Invoked RoslynAnalysisRunner static constructor.
RoslynAnalysisRunner will not be running.
RoslynAnalysisRunner has terminated.
Mono: successfully reloaded assembly
- Completed reload, in  1.250 seconds
Platform modules already initialized, skipping
Shader 'Universal Render Pipeline/Particles/Lit': fallback shader 'Universal Render Pipeline/Particles/SimpleLit' not found
Refreshing native plugins compatible for Editor in 1.47 ms, found 1 plugins.
Preloading 0 native plugins for Editor in 0.00 ms.
Unloading 3850 Unused Serialized files (Serialized files now loaded: 0)
System memory in use before: 156.1 MB.
System memory in use after: 156.4 MB.

Unloading 13 unused Assets to reduce memory usage. Loaded Objects now: 4440.
Total: 2.875600 ms (FindLiveObjects: 0.416500 ms CreateObjectMapping: 0.156300 ms MarkObjects: 2.198500 ms  DeleteObjects: 0.103500 ms)

========================================================================
Received Prepare
Registering precompiled user dll's ...
Registered in 0.005300 seconds.
Begin MonoManager ReloadAssembly
Native extension for WindowsStandalone target not found
Native extension for WebGL target not found
Refreshing native plugins compatible for Editor in 0.84 ms, found 1 plugins.
Preloading 0 native plugins for Editor in 0.00 ms.
Invoked RoslynAnalysisRunner static constructor.
RoslynAnalysisRunner will not be running.
RoslynAnalysisRunner has terminated.
Mono: successfully reloaded assembly
- Completed reload, in  1.405 seconds
Platform modules already initialized, skipping
Shader 'Universal Render Pipeline/Particles/Lit': fallback shader 'Universal Render Pipeline/Particles/SimpleLit' not found
Refreshing native plugins compatible for Editor in 1.97 ms, found 1 plugins.
Preloading 0 native plugins for Editor in 0.00 ms.
Unloading 3850 Unused Serialized files (Serialized files now loaded: 0)
System memory in use before: 156.1 MB.
System memory in use after: 156.4 MB.

Unloading 13 unused Assets to reduce memory usage. Loaded Objects now: 4443.
Total: 4.266900 ms (FindLiveObjects: 0.437700 ms CreateObjectMapping: 0.186600 ms MarkObjects: 3.518800 ms  DeleteObjects: 0.122700 ms)

========================================================================
Received Prepare
Registering precompiled user dll's ...
Registered in 0.004914 seconds.
Begin MonoManager ReloadAssembly
Native extension for WindowsStandalone target not found
Native extension for WebGL target not found
Refreshing native plugins compatible for Editor in 1.29 ms, found 1 plugins.
Preloading 0 native plugins for Editor in 0.00 ms.
Invoked RoslynAnalysisRunner static constructor.
RoslynAnalysisRunner will not be running.
RoslynAnalysisRunner has terminated.
Mono: successfully reloaded assembly
- Completed reload, in  1.757 seconds
Platform modules already initialized, skipping
Shader 'Universal Render Pipeline/Particles/Lit': fallback shader 'Universal Render Pipeline/Particles/SimpleLit' not found
Refreshing native plugins compatible for Editor in 1.23 ms, found 1 plugins.
Preloading 0 native plugins for Editor in 0.00 ms.
Unloading 3850 Unused Serialized files (Serialized files now loaded: 0)
System memory in use before: 156.2 MB.
System memory in use after: 156.4 MB.

Unloading 13 unused Assets to reduce memory usage. Loaded Objects now: 4446.
Total: 3.099800 ms (FindLiveObjects: 0.409300 ms CreateObjectMapping: 0.159700 ms MarkObjects: 2.362800 ms  DeleteObjects: 0.167000 ms)

