Using pre-set license
Built from '2020.3/staging' branch; Version is '2020.3.0f1 (c7b5465681fb) revision 13088070'; Using compiler version '192528614'; Build Type 'Release'
OS: 'Windows 10 Home; OS build 19042.1415; Version 2009; 64bit' Language: 'en' Physical Memory: 15970 MB
BatchMode: 1, IsHumanControllingUs: 0, StartBugReporterOnCrash: 0, Is64bit: 1, IsPro: 0

 COMMAND LINE ARGUMENTS:
C:\Program Files\Unity\Hub\Editor\2020.3.0f1\Editor\Unity.exe
-adb2
-batchMode
-noUpm
-name
AssetImportWorker0
-projectPath
C:/Users/csviv/Desktop/unity/laika game
-logFile
Logs/AssetImportWorker0.log
-srvPort
63486
Successfully changed project path to: C:/Users/csviv/Desktop/unity/laika game
C:/Users/csviv/Desktop/unity/laika game
Using Asset Import Pipeline V2.
Refreshing native plugins compatible for Editor in 139.12 ms, found 1 plugins.
Preloading 0 native plugins for Editor in 0.00 ms.
Initialize engine version: 2020.3.0f1 (c7b5465681fb)
[Subsystems] Discovering subsystems at path C:/Program Files/Unity/Hub/Editor/2020.3.0f1/Editor/Data/Resources/UnitySubsystems
[Subsystems] Discovering subsystems at path C:/Users/csviv/Desktop/unity/laika game/Assets
GfxDevice: creating device client; threaded=0
Direct3D:
    Version:  Direct3D 11.0 [level 11.1]
    Renderer: Intel(R) Iris(R) Plus Graphics (ID=0x8a52)
    Vendor:   
    VRAM:     7985 MB
    Driver:   27.20.100.9621
Shader 'Universal Render Pipeline/Particles/Lit': fallback shader 'Universal Render Pipeline/Particles/SimpleLit' not found
Initialize mono
Mono path[0] = 'C:/Program Files/Unity/Hub/Editor/2020.3.0f1/Editor/Data/Managed'
Mono path[1] = 'C:/Program Files/Unity/Hub/Editor/2020.3.0f1/Editor/Data/MonoBleedingEdge/lib/mono/unityjit'
Mono config path = 'C:/Program Files/Unity/Hub/Editor/2020.3.0f1/Editor/Data/MonoBleedingEdge/etc'
Using monoOptions --debugger-agent=transport=dt_socket,embedding=1,server=y,suspend=n,address=127.0.0.1:56848
Begin MonoManager ReloadAssembly
Registering precompiled unity dll's ...
Register platform support module: C:/Program Files/Unity/Hub/Editor/2020.3.0f1/Editor/Data/PlaybackEngines/WebGLSupport/UnityEditor.WebGL.Extensions.dll
Register platform support module: C:/Program Files/Unity/Hub/Editor/2020.3.0f1/Editor/Data/PlaybackEngines/WindowsStandaloneSupport/UnityEditor.WindowsStandalone.Extensions.dll
Registered in 0.002822 seconds.
Native extension for WindowsStandalone target not found
Native extension for WebGL target not found
Refreshing native plugins compatible for Editor in 147.93 ms, found 1 plugins.
Preloading 0 native plugins for Editor in 0.00 ms.
Invoked RoslynAnalysisRunner static constructor.
RoslynAnalysisRunner will not be running.
RoslynAnalysisRunner has terminated.
Mono: successfully reloaded assembly
- Completed reload, in  4.117 seconds
Platform modules already initialized, skipping
Registering precompiled user dll's ...
Registered in 0.003390 seconds.
Begin MonoManager ReloadAssembly
Native extension for WindowsStandalone target not found
Native extension for WebGL target not found
Refreshing native plugins compatible for Editor in 129.71 ms, found 1 plugins.
Preloading 0 native plugins for Editor in 0.00 ms.
Invoked RoslynAnalysisRunner static constructor.
RoslynAnalysisRunner will not be running.
RoslynAnalysisRunner has terminated.
Mono: successfully reloaded assembly
- Completed reload, in  1.680 seconds
Platform modules already initialized, skipping
========================================================================
Worker process is ready to serve import requests
Shader 'Universal Render Pipeline/Particles/Lit': fallback shader 'Universal Render Pipeline/Particles/SimpleLit' not found
Launched and connected shader compiler UnityShaderCompiler.exe after 0.07 seconds
Refreshing native plugins compatible for Editor in 0.81 ms, found 1 plugins.
Preloading 0 native plugins for Editor in 0.00 ms.
Unloading 3926 Unused Serialized files (Serialized files now loaded: 0)
System memory in use before: 158.2 MB.
System memory in use after: 158.3 MB.

Unloading 24 unused Assets to reduce memory usage. Loaded Objects now: 4374.
Total: 3.175000 ms (FindLiveObjects: 0.630200 ms CreateObjectMapping: 0.240000 ms MarkObjects: 2.148500 ms  DeleteObjects: 0.154000 ms)

========================================================================
Received Import Request.
  path: Assets/art/capture.png
  artifactKey: Guid(70ca7fd4a755085468ddbb15789a04e4) Importer(815301076,1909f56bfc062723c751e8b465ee728b)
Start importing Assets/art/capture.png using Guid(70ca7fd4a755085468ddbb15789a04e4) Importer(815301076,1909f56bfc062723c751e8b465ee728b)  -> (artifact id: '9fa02abe3f2486308013b1d517046769') in 0.176439 seconds
  Import took 0.186844 seconds .

========================================================================
Received Import Request.
  Time since last request: 0.000299 seconds.
  path: Assets/laikaDialogues (Auto-Backup).asset
  artifactKey: Guid(93ed1acbfd29eb74e86ad6c99ad3583a) Importer(815301076,1909f56bfc062723c751e8b465ee728b)
Start importing Assets/laikaDialogues (Auto-Backup).asset using Guid(93ed1acbfd29eb74e86ad6c99ad3583a) Importer(815301076,1909f56bfc062723c751e8b465ee728b)  -> (artifact id: '47aca9e34ffb2af2789f8d717ff041f1') in 0.039740 seconds
  Import took 0.049923 seconds .

========================================================================
Received Import Request.
  Time since last request: 0.000195 seconds.
  path: Assets/art/Laika was always alone.png
  artifactKey: Guid(43feddc3e9559d84dbdc35662d3be3c1) Importer(815301076,1909f56bfc062723c751e8b465ee728b)
Start importing Assets/art/Laika was always alone.png using Guid(43feddc3e9559d84dbdc35662d3be3c1) Importer(815301076,1909f56bfc062723c751e8b465ee728b)  -> (artifact id: '0a064c364782497183fbe8e61a81324c') in 0.021243 seconds
  Import took 0.030073 seconds .

========================================================================
Received Import Request.
  Time since last request: 0.000223 seconds.
  path: Assets/art/liftoff.png
  artifactKey: Guid(cd194d6d4cd96ce43a0b1bfc4436344b) Importer(815301076,1909f56bfc062723c751e8b465ee728b)
Start importing Assets/art/liftoff.png using Guid(cd194d6d4cd96ce43a0b1bfc4436344b) Importer(815301076,1909f56bfc062723c751e8b465ee728b)  -> (artifact id: 'f8e16f90b562e01a491ca0aca1130034') in 0.020259 seconds
  Import took 0.028084 seconds .

========================================================================
Received Import Request.
  Time since last request: 0.000250 seconds.
  path: Assets/art/they kissed your nose.png
  artifactKey: Guid(dc1d3020c651ab64187ee803d08ab2ba) Importer(815301076,1909f56bfc062723c751e8b465ee728b)
Start importing Assets/art/they kissed your nose.png using Guid(dc1d3020c651ab64187ee803d08ab2ba) Importer(815301076,1909f56bfc062723c751e8b465ee728b)  -> (artifact id: '7f01c3722a69899bba9225be11f0d9ea') in 0.017952 seconds
  Import took 0.027097 seconds .

========================================================================
Received Prepare
Registering precompiled user dll's ...
Registered in 0.002432 seconds.
Begin MonoManager ReloadAssembly
Native extension for WindowsStandalone target not found
Native extension for WebGL target not found
Refreshing native plugins compatible for Editor in 1.14 ms, found 1 plugins.
Preloading 0 native plugins for Editor in 0.00 ms.
Invoked RoslynAnalysisRunner static constructor.
RoslynAnalysisRunner will not be running.
RoslynAnalysisRunner has terminated.
Mono: successfully reloaded assembly
- Completed reload, in  1.859 seconds
Platform modules already initialized, skipping
Shader 'Universal Render Pipeline/Particles/Lit': fallback shader 'Universal Render Pipeline/Particles/SimpleLit' not found
Refreshing native plugins compatible for Editor in 1.36 ms, found 1 plugins.
Preloading 0 native plugins for Editor in 0.00 ms.
Unloading 3846 Unused Serialized files (Serialized files now loaded: 0)
System memory in use before: 155.3 MB.
System memory in use after: 155.5 MB.

Unloading 13 unused Assets to reduce memory usage. Loaded Objects now: 4383.
Total: 4.444100 ms (FindLiveObjects: 0.554400 ms CreateObjectMapping: 0.304100 ms MarkObjects: 3.435800 ms  DeleteObjects: 0.147800 ms)

========================================================================
Received Import Request.
  Time since last request: 355.559669 seconds.
  path: Assets/art/dialogue bubble.png
  artifactKey: Guid(7d53f8bc112c37e4da5c0cdb9f271cc7) Importer(815301076,1909f56bfc062723c751e8b465ee728b)
Start importing Assets/art/dialogue bubble.png using Guid(7d53f8bc112c37e4da5c0cdb9f271cc7) Importer(815301076,1909f56bfc062723c751e8b465ee728b)  -> (artifact id: '97455dac8f77b7887e06a38e8dcf6b15') in 0.338262 seconds
  Import took 0.352936 seconds .

========================================================================
Received Import Request.
  Time since last request: 2293.975609 seconds.
  path: Assets/art/Textures/Shapes/Rounded64px.png
  artifactKey: Guid(5765424b27ee5f8408478922c82d99a2) Importer(815301076,1909f56bfc062723c751e8b465ee728b)
Start importing Assets/art/Textures/Shapes/Rounded64px.png using Guid(5765424b27ee5f8408478922c82d99a2) Importer(815301076,1909f56bfc062723c751e8b465ee728b)  -> (artifact id: 'bab9f070764b773685aa758418d01afb') in 0.073447 seconds
  Import took 0.099175 seconds .

========================================================================
Received Import Request.
  Time since last request: 0.000425 seconds.
  path: Assets/art/Textures/Shapes/Rounded64px Stroke8px.png
  artifactKey: Guid(b155e3f4ed65dbf48a63147795b88097) Importer(815301076,1909f56bfc062723c751e8b465ee728b)
Start importing Assets/art/Textures/Shapes/Rounded64px Stroke8px.png using Guid(b155e3f4ed65dbf48a63147795b88097) Importer(815301076,1909f56bfc062723c751e8b465ee728b)  -> (artifact id: '4370767b8d139a053777e8277f76f997') in 0.042441 seconds
  Import took 0.053370 seconds .

========================================================================
Received Import Request.
  Time since last request: 0.000243 seconds.
  path: Assets/art/Textures/Shapes/Rounded64px Stroke16px.png
  artifactKey: Guid(eaea90a025355c14b871008ae1ab621c) Importer(815301076,1909f56bfc062723c751e8b465ee728b)
Start importing Assets/art/Textures/Shapes/Rounded64px Stroke16px.png using Guid(eaea90a025355c14b871008ae1ab621c) Importer(815301076,1909f56bfc062723c751e8b465ee728b)  -> (artifact id: 'dacefcfe2e1f9cdfaabafde388966eef') in 0.034613 seconds
  Import took 0.046765 seconds .

========================================================================
Received Import Request.
  Time since last request: 0.000205 seconds.
  path: Assets/art/Textures/Shapes/RoundedSquareStroke_1@128px.png
  artifactKey: Guid(0e7547b78913f764eb191260916f4547) Importer(815301076,1909f56bfc062723c751e8b465ee728b)
Start importing Assets/art/Textures/Shapes/RoundedSquareStroke_1@128px.png using Guid(0e7547b78913f764eb191260916f4547) Importer(815301076,1909f56bfc062723c751e8b465ee728b)  -> (artifact id: '33277ef7ca7ba8ac964be4e08c954cee') in 0.030403 seconds
  Import took 0.041122 seconds .

========================================================================
Received Import Request.
  Time since last request: 0.000239 seconds.
  path: Assets/art/Textures/Shapes/RoundedSquareStroke_1@64px.png
  artifactKey: Guid(189cc5f8c809fe744a48b93c903ee60a) Importer(815301076,1909f56bfc062723c751e8b465ee728b)
Start importing Assets/art/Textures/Shapes/RoundedSquareStroke_1@64px.png using Guid(189cc5f8c809fe744a48b93c903ee60a) Importer(815301076,1909f56bfc062723c751e8b465ee728b)  -> (artifact id: 'bd758fccd7d124d58c3b694b73aa189c') in 0.034105 seconds
  Import took 0.043353 seconds .

========================================================================
Received Import Request.
  Time since last request: 0.000317 seconds.
  path: Assets/art/Textures/Shapes/RoundedSquareFull@96px.png
  artifactKey: Guid(9eb5308365cb0f14bbe36489e093f970) Importer(815301076,1909f56bfc062723c751e8b465ee728b)
Start importing Assets/art/Textures/Shapes/RoundedSquareFull@96px.png using Guid(9eb5308365cb0f14bbe36489e093f970) Importer(815301076,1909f56bfc062723c751e8b465ee728b)  -> (artifact id: '654eb30b71c02956adb30e628f8acfaf') in 0.030639 seconds
  Import took 0.039761 seconds .

========================================================================
Received Import Request.
  Time since last request: 0.000311 seconds.
  path: Assets/art/Textures/Shapes/Rounded64px Stroke14px.png
  artifactKey: Guid(ca51c3340cb2d37489bcb1f1f5396589) Importer(815301076,1909f56bfc062723c751e8b465ee728b)
Start importing Assets/art/Textures/Shapes/Rounded64px Stroke14px.png using Guid(ca51c3340cb2d37489bcb1f1f5396589) Importer(815301076,1909f56bfc062723c751e8b465ee728b)  -> (artifact id: '8c25f7c8f3947ed7f614144717ebaeb2') in 0.029618 seconds
  Import took 0.037747 seconds .

========================================================================
Received Import Request.
  Time since last request: 0.000364 seconds.
  path: Assets/art/Textures/Shapes/RoundedSquareFull@256px.png
  artifactKey: Guid(9b94915a9db59f944aecb5b4aed14e99) Importer(815301076,1909f56bfc062723c751e8b465ee728b)
Start importing Assets/art/Textures/Shapes/RoundedSquareFull@256px.png using Guid(9b94915a9db59f944aecb5b4aed14e99) Importer(815301076,1909f56bfc062723c751e8b465ee728b)  -> (artifact id: 'e8a578471f802d5f2c0aba4034097bba') in 0.027563 seconds
  Import took 0.037465 seconds .

========================================================================
Received Import Request.
  Time since last request: 0.000295 seconds.
  path: Assets/art/Textures/Shapes/Rounded64px Stroke12px.png
  artifactKey: Guid(ff3d95e7e84ef024a998874a1a7b4479) Importer(815301076,1909f56bfc062723c751e8b465ee728b)
Start importing Assets/art/Textures/Shapes/Rounded64px Stroke12px.png using Guid(ff3d95e7e84ef024a998874a1a7b4479) Importer(815301076,1909f56bfc062723c751e8b465ee728b)  -> (artifact id: '982ff58801a2fb38ba7575ac282d9bff') in 0.032114 seconds
  Import took 0.040806 seconds .

========================================================================
Received Import Request.
  Time since last request: 0.000252 seconds.
  path: Assets/art/Textures/Shapes/RoundedSquareFull@64px.png
  artifactKey: Guid(fd3f6e79dacbda242893790f63a1b3a0) Importer(815301076,1909f56bfc062723c751e8b465ee728b)
Start importing Assets/art/Textures/Shapes/RoundedSquareFull@64px.png using Guid(fd3f6e79dacbda242893790f63a1b3a0) Importer(815301076,1909f56bfc062723c751e8b465ee728b)  -> (artifact id: '4c7b7fd27778bb2e57815655e5682213') in 0.033692 seconds
  Import took 0.043608 seconds .

========================================================================
Received Import Request.
  Time since last request: 0.000205 seconds.
  path: Assets/art/Textures/Shapes/RoundedSquareFull@48px.png
  artifactKey: Guid(84f1c97d3f9137544a65b96c7352a10b) Importer(815301076,1909f56bfc062723c751e8b465ee728b)
Start importing Assets/art/Textures/Shapes/RoundedSquareFull@48px.png using Guid(84f1c97d3f9137544a65b96c7352a10b) Importer(815301076,1909f56bfc062723c751e8b465ee728b)  -> (artifact id: 'f866fe86299f6b29f5ee3f11be7866b8') in 0.030878 seconds
  Import took 0.040137 seconds .

========================================================================
Received Import Request.
  Time since last request: 0.000208 seconds.
  path: Assets/art/Textures/Shapes/RoundedSquareStroke_1@32px.png
  artifactKey: Guid(19afa5429ff871244a89e954b3ffd8cd) Importer(815301076,1909f56bfc062723c751e8b465ee728b)
Start importing Assets/art/Textures/Shapes/RoundedSquareStroke_1@32px.png using Guid(19afa5429ff871244a89e954b3ffd8cd) Importer(815301076,1909f56bfc062723c751e8b465ee728b)  -> (artifact id: '59041b0edbbe04ea79dc658552514efa') in 0.030094 seconds
  Import took 0.038445 seconds .

========================================================================
Received Import Request.
  Time since last request: 0.000291 seconds.
  path: Assets/art/Textures/Shapes/RoundedSquareStroke_1@48px.png
  artifactKey: Guid(5ae9699973efa3e438597eba336d6e65) Importer(815301076,1909f56bfc062723c751e8b465ee728b)
Start importing Assets/art/Textures/Shapes/RoundedSquareStroke_1@48px.png using Guid(5ae9699973efa3e438597eba336d6e65) Importer(815301076,1909f56bfc062723c751e8b465ee728b)  -> (artifact id: 'af329b7cc1a18c826521fcf68c08f694') in 0.029672 seconds
  Import took 0.039677 seconds .

========================================================================
Received Import Request.
  Time since last request: 0.000210 seconds.
  path: Assets/art/Textures/Shapes/RoundedSquareStroke_1@24px.png
  artifactKey: Guid(885e5952236d1e546abac7e923a2df6f) Importer(815301076,1909f56bfc062723c751e8b465ee728b)
Start importing Assets/art/Textures/Shapes/RoundedSquareStroke_1@24px.png using Guid(885e5952236d1e546abac7e923a2df6f) Importer(815301076,1909f56bfc062723c751e8b465ee728b)  -> (artifact id: '584dcb076f1771900acb1b76b221832e') in 0.029767 seconds
  Import took 0.040765 seconds .

========================================================================
Received Import Request.
  Time since last request: 0.000303 seconds.
  path: Assets/art/Textures/Shapes/RoundedSquareStroke_1@96px.png
  artifactKey: Guid(e905667578a1f3244a11c2593209da8e) Importer(815301076,1909f56bfc062723c751e8b465ee728b)
Start importing Assets/art/Textures/Shapes/RoundedSquareStroke_1@96px.png using Guid(e905667578a1f3244a11c2593209da8e) Importer(815301076,1909f56bfc062723c751e8b465ee728b)  -> (artifact id: 'a1eed08b5c61d59976268e728196fa8a') in 0.029090 seconds
  Import took 0.040363 seconds .

========================================================================
Received Import Request.
  Time since last request: 0.000208 seconds.
  path: Assets/art/Textures/Shapes/Rounded64px Stroke18px.png
  artifactKey: Guid(210c9a2590bc76644b3043743da41996) Importer(815301076,1909f56bfc062723c751e8b465ee728b)
Start importing Assets/art/Textures/Shapes/Rounded64px Stroke18px.png using Guid(210c9a2590bc76644b3043743da41996) Importer(815301076,1909f56bfc062723c751e8b465ee728b)  -> (artifact id: '38203a1140529fa8d88e6f2186660338') in 0.030700 seconds
  Import took 0.040486 seconds .

========================================================================
Received Import Request.
  Time since last request: 0.000231 seconds.
  path: Assets/art/Textures/Shapes/RoundedSquareFull@24px.png
  artifactKey: Guid(cceb47b09b472214689adb6671ce0c80) Importer(815301076,1909f56bfc062723c751e8b465ee728b)
Start importing Assets/art/Textures/Shapes/RoundedSquareFull@24px.png using Guid(cceb47b09b472214689adb6671ce0c80) Importer(815301076,1909f56bfc062723c751e8b465ee728b)  -> (artifact id: '6a890ca3529dbdeeaf673a62ca9d6116') in 0.020578 seconds
  Import took 0.030224 seconds .

========================================================================
Received Import Request.
  Time since last request: 0.000264 seconds.
  path: Assets/art/Textures/Shapes/Rounded64px Stroke20px.png
  artifactKey: Guid(dcbffc956c3007348a9d59e752d2d7ef) Importer(815301076,1909f56bfc062723c751e8b465ee728b)
Start importing Assets/art/Textures/Shapes/Rounded64px Stroke20px.png using Guid(dcbffc956c3007348a9d59e752d2d7ef) Importer(815301076,1909f56bfc062723c751e8b465ee728b)  -> (artifact id: 'f2ad794d85815a2e46d7a1c7ad380155') in 0.035958 seconds
  Import took 0.044455 seconds .

========================================================================
Received Import Request.
  Time since last request: 0.000210 seconds.
  path: Assets/art/Textures/Shapes/RoundedSquareFull@1024px.png
  artifactKey: Guid(645fbbdae0ab29240b58b8df56c00e70) Importer(815301076,1909f56bfc062723c751e8b465ee728b)
Start importing Assets/art/Textures/Shapes/RoundedSquareFull@1024px.png using Guid(645fbbdae0ab29240b58b8df56c00e70) Importer(815301076,1909f56bfc062723c751e8b465ee728b)  -> (artifact id: 'cd6cd57c7c5796696a504e8685734fea') in 0.039297 seconds
  Import took 0.048097 seconds .

========================================================================
Received Import Request.
  Time since last request: 0.000425 seconds.
  path: Assets/art/Textures/Shapes/RoundedSquareFull@32px.png
  artifactKey: Guid(41c4a91b2df17f34686b693b5df0ab9f) Importer(815301076,1909f56bfc062723c751e8b465ee728b)
Start importing Assets/art/Textures/Shapes/RoundedSquareFull@32px.png using Guid(41c4a91b2df17f34686b693b5df0ab9f) Importer(815301076,1909f56bfc062723c751e8b465ee728b)  -> (artifact id: '9ec530f63b842d459bcb35973922fed0') in 0.034714 seconds
  Import took 0.044489 seconds .

========================================================================
Received Import Request.
  Time since last request: 0.000329 seconds.
  path: Assets/art/Textures/Shapes/RoundedSquareStroke_1@256px.png
  artifactKey: Guid(6ed4ce1f3b13f13469e36fb42e0f945e) Importer(815301076,1909f56bfc062723c751e8b465ee728b)
Start importing Assets/art/Textures/Shapes/RoundedSquareStroke_1@256px.png using Guid(6ed4ce1f3b13f13469e36fb42e0f945e) Importer(815301076,1909f56bfc062723c751e8b465ee728b)  -> (artifact id: '2cc692bef7079910b455e48feae4cd81') in 0.033109 seconds
  Import took 0.045645 seconds .

========================================================================
Received Import Request.
  Time since last request: 0.000260 seconds.
  path: Assets/art/Textures/Shapes/RoundedSquareStroke_1@512px.png
  artifactKey: Guid(56873637c104d824ebe79916ad08c536) Importer(815301076,1909f56bfc062723c751e8b465ee728b)
Start importing Assets/art/Textures/Shapes/RoundedSquareStroke_1@512px.png using Guid(56873637c104d824ebe79916ad08c536) Importer(815301076,1909f56bfc062723c751e8b465ee728b)  -> (artifact id: 'f2035f55b0301cca005f78b47af5e60b') in 0.038726 seconds
  Import took 0.048821 seconds .

========================================================================
Received Import Request.
  Time since last request: 0.000280 seconds.
  path: Assets/art/Textures/Shapes/RoundedSquareFull@128px.png
  artifactKey: Guid(0490517f4669957428ec8e64adbaa64e) Importer(815301076,1909f56bfc062723c751e8b465ee728b)
Start importing Assets/art/Textures/Shapes/RoundedSquareFull@128px.png using Guid(0490517f4669957428ec8e64adbaa64e) Importer(815301076,1909f56bfc062723c751e8b465ee728b)  -> (artifact id: '06f1d908560d96a9bd4c183ef7695b4d') in 0.033562 seconds
  Import took 0.044022 seconds .

========================================================================
Received Import Request.
  Time since last request: 0.000419 seconds.
  path: Assets/art/Textures/Shapes/Rounded64px Stroke5px.png
  artifactKey: Guid(c04a63d54069e8f4bac378fe7ab6026c) Importer(815301076,1909f56bfc062723c751e8b465ee728b)
Start importing Assets/art/Textures/Shapes/Rounded64px Stroke5px.png using Guid(c04a63d54069e8f4bac378fe7ab6026c) Importer(815301076,1909f56bfc062723c751e8b465ee728b)  -> (artifact id: '86115ed37250bd1e438f5b94b61f3a7f') in 0.028148 seconds
  Import took 0.038951 seconds .

========================================================================
Received Import Request.
  Time since last request: 0.000347 seconds.
  path: Assets/art/Textures/Shapes/Rounded64px Stroke10px.png
  artifactKey: Guid(c09c98233e3767545acc1ae234af060c) Importer(815301076,1909f56bfc062723c751e8b465ee728b)
Start importing Assets/art/Textures/Shapes/Rounded64px Stroke10px.png using Guid(c09c98233e3767545acc1ae234af060c) Importer(815301076,1909f56bfc062723c751e8b465ee728b)  -> (artifact id: '38d9f1eebdd81fc698d54f4daf613a7e') in 0.029285 seconds
  Import took 0.039347 seconds .

========================================================================
Received Import Request.
  Time since last request: 0.000211 seconds.
  path: Assets/art/Textures/Shapes/RoundedSquareFull@512px.png
  artifactKey: Guid(1104f5393677f0947938a90abf93bc8d) Importer(815301076,1909f56bfc062723c751e8b465ee728b)
Start importing Assets/art/Textures/Shapes/RoundedSquareFull@512px.png using Guid(1104f5393677f0947938a90abf93bc8d) Importer(815301076,1909f56bfc062723c751e8b465ee728b)  -> (artifact id: 'eb2698530f73b4107d24ff05a4e1e509') in 0.033721 seconds
  Import took 0.043598 seconds .

========================================================================
Received Import Request.
  Time since last request: 72.723245 seconds.
  path: Assets/prefabs/UI/dialog bubble.prefab
  artifactKey: Guid(a412a7b82dad1074bac62b0402edf972) Importer(815301076,1909f56bfc062723c751e8b465ee728b)
Start importing Assets/prefabs/UI/dialog bubble.prefab using Guid(a412a7b82dad1074bac62b0402edf972) Importer(815301076,1909f56bfc062723c751e8b465ee728b)  -> (artifact id: '166047b25f2a19f75e099fdef79b975b') in 0.494963 seconds
  Import took 0.512208 seconds .

========================================================================
Received Import Request.
  Time since last request: 480.928431 seconds.
  path: Assets/prefabs/UI/dialog bubble.prefab
  artifactKey: Guid(a412a7b82dad1074bac62b0402edf972) Importer(815301076,1909f56bfc062723c751e8b465ee728b)
Start importing Assets/prefabs/UI/dialog bubble.prefab using Guid(a412a7b82dad1074bac62b0402edf972) Importer(815301076,1909f56bfc062723c751e8b465ee728b)  -> (artifact id: 'f08974cd3b97c783efbf7ffee3c53e95') in 0.398819 seconds
  Import took 0.415681 seconds .

========================================================================
Received Import Request.
  Time since last request: 5.299653 seconds.
  path: Assets/laikaDialogues (Auto-Backup).asset
  artifactKey: Guid(7b08a89098c3924439cb3605cafcc9e4) Importer(815301076,1909f56bfc062723c751e8b465ee728b)
Start importing Assets/laikaDialogues (Auto-Backup).asset using Guid(7b08a89098c3924439cb3605cafcc9e4) Importer(815301076,1909f56bfc062723c751e8b465ee728b)  -> (artifact id: '4e7ca35856d6517f1d9dc6e901d7a79c') in 0.031942 seconds
  Import took 0.041096 seconds .

========================================================================
Received Import Request.
  Time since last request: 104.818066 seconds.
  path: Assets/laikaDialogues.asset
  artifactKey: Guid(78b05399ad6472c4d9f48de39f219657) Importer(815301076,1909f56bfc062723c751e8b465ee728b)
Start importing Assets/laikaDialogues.asset using Guid(78b05399ad6472c4d9f48de39f219657) Importer(815301076,1909f56bfc062723c751e8b465ee728b)  -> (artifact id: 'e807bfdc37878dcafb14b6bf45a8dcb1') in 0.016947 seconds
  Import took 0.028843 seconds .

========================================================================
Received Import Request.
  Time since last request: 219.921156 seconds.
  path: Assets/prefabs/UI/DialogBottom.prefab
  artifactKey: Guid(1abf15de31b1ca142b7b640481f319e2) Importer(815301076,1909f56bfc062723c751e8b465ee728b)
Start importing Assets/prefabs/UI/DialogBottom.prefab using Guid(1abf15de31b1ca142b7b640481f319e2) Importer(815301076,1909f56bfc062723c751e8b465ee728b)  -> (artifact id: 'bc33486c4dd1cb3943d2cc536517c63e') in 0.298598 seconds
  Import took 0.311868 seconds .

========================================================================
Received Prepare
Registering precompiled user dll's ...
Registered in 0.003441 seconds.
Begin MonoManager ReloadAssembly
Native extension for WindowsStandalone target not found
Native extension for WebGL target not found
Refreshing native plugins compatible for Editor in 1.37 ms, found 1 plugins.
Preloading 0 native plugins for Editor in 0.00 ms.
Invoked RoslynAnalysisRunner static constructor.
RoslynAnalysisRunner will not be running.
RoslynAnalysisRunner has terminated.
Mono: successfully reloaded assembly
- Completed reload, in  2.062 seconds
Platform modules already initialized, skipping
Shader 'Universal Render Pipeline/Particles/Lit': fallback shader 'Universal Render Pipeline/Particles/SimpleLit' not found
Refreshing native plugins compatible for Editor in 0.85 ms, found 1 plugins.
Preloading 0 native plugins for Editor in 0.00 ms.
Unloading 3846 Unused Serialized files (Serialized files now loaded: 0)
System memory in use before: 155.8 MB.
System memory in use after: 156.0 MB.

Unloading 13 unused Assets to reduce memory usage. Loaded Objects now: 4403.
Total: 4.197700 ms (FindLiveObjects: 0.678900 ms CreateObjectMapping: 0.279700 ms MarkObjects: 3.060300 ms  DeleteObjects: 0.176900 ms)

========================================================================
Received Prepare
Registering precompiled user dll's ...
Registered in 0.003314 seconds.
Begin MonoManager ReloadAssembly
Native extension for WindowsStandalone target not found
Native extension for WebGL target not found
Refreshing native plugins compatible for Editor in 1.03 ms, found 1 plugins.
Preloading 0 native plugins for Editor in 0.00 ms.
Invoked RoslynAnalysisRunner static constructor.
RoslynAnalysisRunner will not be running.
RoslynAnalysisRunner has terminated.
Mono: successfully reloaded assembly
- Completed reload, in  1.525 seconds
Platform modules already initialized, skipping
Shader 'Universal Render Pipeline/Particles/Lit': fallback shader 'Universal Render Pipeline/Particles/SimpleLit' not found
Refreshing native plugins compatible for Editor in 0.76 ms, found 1 plugins.
Preloading 0 native plugins for Editor in 0.00 ms.
Unloading 3846 Unused Serialized files (Serialized files now loaded: 0)
System memory in use before: 155.8 MB.
System memory in use after: 156.1 MB.

Unloading 13 unused Assets to reduce memory usage. Loaded Objects now: 4406.
Total: 4.028700 ms (FindLiveObjects: 0.348300 ms CreateObjectMapping: 0.175200 ms MarkObjects: 3.388200 ms  DeleteObjects: 0.115500 ms)

========================================================================
Received Prepare
Registering precompiled user dll's ...
Registered in 0.003514 seconds.
Begin MonoManager ReloadAssembly
Native extension for WindowsStandalone target not found
Native extension for WebGL target not found
Refreshing native plugins compatible for Editor in 0.81 ms, found 1 plugins.
Preloading 0 native plugins for Editor in 0.00 ms.
Invoked RoslynAnalysisRunner static constructor.
RoslynAnalysisRunner will not be running.
RoslynAnalysisRunner has terminated.
Mono: successfully reloaded assembly
- Completed reload, in  2.063 seconds
Platform modules already initialized, skipping
Shader 'Universal Render Pipeline/Particles/Lit': fallback shader 'Universal Render Pipeline/Particles/SimpleLit' not found
Refreshing native plugins compatible for Editor in 1.05 ms, found 1 plugins.
Preloading 0 native plugins for Editor in 0.00 ms.
Unloading 3846 Unused Serialized files (Serialized files now loaded: 0)
System memory in use before: 155.9 MB.
System memory in use after: 156.1 MB.

Unloading 13 unused Assets to reduce memory usage. Loaded Objects now: 4409.
Total: 4.245200 ms (FindLiveObjects: 0.821400 ms CreateObjectMapping: 0.373700 ms MarkObjects: 2.961300 ms  DeleteObjects: 0.086700 ms)

========================================================================
Received Prepare
Registering precompiled user dll's ...
Registered in 0.004162 seconds.
Begin MonoManager ReloadAssembly
Native extension for WindowsStandalone target not found
Native extension for WebGL target not found
Refreshing native plugins compatible for Editor in 1.13 ms, found 1 plugins.
Preloading 0 native plugins for Editor in 0.00 ms.
Invoked RoslynAnalysisRunner static constructor.
RoslynAnalysisRunner will not be running.
RoslynAnalysisRunner has terminated.
Mono: successfully reloaded assembly
- Completed reload, in  2.089 seconds
Platform modules already initialized, skipping
Shader 'Universal Render Pipeline/Particles/Lit': fallback shader 'Universal Render Pipeline/Particles/SimpleLit' not found
Refreshing native plugins compatible for Editor in 0.84 ms, found 1 plugins.
Preloading 0 native plugins for Editor in 0.00 ms.
Unloading 3846 Unused Serialized files (Serialized files now loaded: 0)
System memory in use before: 155.9 MB.
System memory in use after: 156.1 MB.

Unloading 13 unused Assets to reduce memory usage. Loaded Objects now: 4412.
Total: 4.991200 ms (FindLiveObjects: 0.769100 ms CreateObjectMapping: 0.343900 ms MarkObjects: 3.762200 ms  DeleteObjects: 0.114400 ms)

========================================================================
Received Prepare
Registering precompiled user dll's ...
Registered in 0.005393 seconds.
Begin MonoManager ReloadAssembly
Native extension for WindowsStandalone target not found
Native extension for WebGL target not found
Refreshing native plugins compatible for Editor in 1.30 ms, found 1 plugins.
Preloading 0 native plugins for Editor in 0.00 ms.
Invoked RoslynAnalysisRunner static constructor.
RoslynAnalysisRunner will not be running.
RoslynAnalysisRunner has terminated.
Mono: successfully reloaded assembly
- Completed reload, in  1.754 seconds
Platform modules already initialized, skipping
Shader 'Universal Render Pipeline/Particles/Lit': fallback shader 'Universal Render Pipeline/Particles/SimpleLit' not found
Refreshing native plugins compatible for Editor in 1.01 ms, found 1 plugins.
Preloading 0 native plugins for Editor in 0.00 ms.
Unloading 3846 Unused Serialized files (Serialized files now loaded: 0)
System memory in use before: 155.9 MB.
System memory in use after: 156.1 MB.

Unloading 13 unused Assets to reduce memory usage. Loaded Objects now: 4415.
Total: 3.778700 ms (FindLiveObjects: 0.403300 ms CreateObjectMapping: 0.221900 ms MarkObjects: 3.052700 ms  DeleteObjects: 0.098500 ms)

========================================================================
Received Prepare
Registering precompiled user dll's ...
Registered in 0.007726 seconds.
Begin MonoManager ReloadAssembly
Native extension for WindowsStandalone target not found
Native extension for WebGL target not found
Refreshing native plugins compatible for Editor in 1.01 ms, found 1 plugins.
Preloading 0 native plugins for Editor in 0.00 ms.
Invoked RoslynAnalysisRunner static constructor.
RoslynAnalysisRunner will not be running.
RoslynAnalysisRunner has terminated.
Mono: successfully reloaded assembly
- Completed reload, in  1.776 seconds
Platform modules already initialized, skipping
Shader 'Universal Render Pipeline/Particles/Lit': fallback shader 'Universal Render Pipeline/Particles/SimpleLit' not found
Refreshing native plugins compatible for Editor in 1.14 ms, found 1 plugins.
Preloading 0 native plugins for Editor in 0.00 ms.
Unloading 3846 Unused Serialized files (Serialized files now loaded: 0)
System memory in use before: 155.9 MB.
System memory in use after: 156.1 MB.

Unloading 13 unused Assets to reduce memory usage. Loaded Objects now: 4418.
Total: 3.779100 ms (FindLiveObjects: 0.604500 ms CreateObjectMapping: 0.259000 ms MarkObjects: 2.812300 ms  DeleteObjects: 0.099300 ms)

========================================================================
Received Prepare
Registering precompiled user dll's ...
Registered in 0.005615 seconds.
Begin MonoManager ReloadAssembly
Native extension for WindowsStandalone target not found
Native extension for WebGL target not found
Refreshing native plugins compatible for Editor in 1.98 ms, found 1 plugins.
Preloading 0 native plugins for Editor in 0.00 ms.
Invoked RoslynAnalysisRunner static constructor.
RoslynAnalysisRunner will not be running.
RoslynAnalysisRunner has terminated.
Mono: successfully reloaded assembly
- Completed reload, in  1.834 seconds
Platform modules already initialized, skipping
Shader 'Universal Render Pipeline/Particles/Lit': fallback shader 'Universal Render Pipeline/Particles/SimpleLit' not found
Refreshing native plugins compatible for Editor in 1.22 ms, found 1 plugins.
Preloading 0 native plugins for Editor in 0.00 ms.
Unloading 3846 Unused Serialized files (Serialized files now loaded: 0)
System memory in use before: 155.9 MB.
System memory in use after: 156.1 MB.

Unloading 13 unused Assets to reduce memory usage. Loaded Objects now: 4421.
Total: 4.984600 ms (FindLiveObjects: 0.698900 ms CreateObjectMapping: 0.318600 ms MarkObjects: 3.816900 ms  DeleteObjects: 0.148200 ms)

========================================================================
Received Prepare
Registering precompiled user dll's ...
Registered in 0.003514 seconds.
Begin MonoManager ReloadAssembly
Native extension for WindowsStandalone target not found
Native extension for WebGL target not found
Refreshing native plugins compatible for Editor in 1.19 ms, found 1 plugins.
Preloading 0 native plugins for Editor in 0.00 ms.
Invoked RoslynAnalysisRunner static constructor.
RoslynAnalysisRunner will not be running.
RoslynAnalysisRunner has terminated.
Mono: successfully reloaded assembly
- Completed reload, in  1.431 seconds
Platform modules already initialized, skipping
Shader 'Universal Render Pipeline/Particles/Lit': fallback shader 'Universal Render Pipeline/Particles/SimpleLit' not found
Refreshing native plugins compatible for Editor in 1.17 ms, found 1 plugins.
Preloading 0 native plugins for Editor in 0.00 ms.
Unloading 3846 Unused Serialized files (Serialized files now loaded: 0)
System memory in use before: 155.9 MB.
System memory in use after: 156.2 MB.

Unloading 13 unused Assets to reduce memory usage. Loaded Objects now: 4424.
Total: 3.479100 ms (FindLiveObjects: 0.734800 ms CreateObjectMapping: 0.342900 ms MarkObjects: 2.311000 ms  DeleteObjects: 0.089300 ms)

========================================================================
Received Prepare
Registering precompiled user dll's ...
Registered in 0.004033 seconds.
Begin MonoManager ReloadAssembly
Native extension for WindowsStandalone target not found
Native extension for WebGL target not found
Refreshing native plugins compatible for Editor in 1.35 ms, found 1 plugins.
Preloading 0 native plugins for Editor in 0.00 ms.
Invoked RoslynAnalysisRunner static constructor.
RoslynAnalysisRunner will not be running.
RoslynAnalysisRunner has terminated.
Mono: successfully reloaded assembly
- Completed reload, in  1.870 seconds
Platform modules already initialized, skipping
Shader 'Universal Render Pipeline/Particles/Lit': fallback shader 'Universal Render Pipeline/Particles/SimpleLit' not found
Refreshing native plugins compatible for Editor in 0.95 ms, found 1 plugins.
Preloading 0 native plugins for Editor in 0.00 ms.
Unloading 3846 Unused Serialized files (Serialized files now loaded: 0)
System memory in use before: 155.9 MB.
System memory in use after: 156.2 MB.

Unloading 13 unused Assets to reduce memory usage. Loaded Objects now: 4427.
Total: 4.261400 ms (FindLiveObjects: 0.755100 ms CreateObjectMapping: 0.428800 ms MarkObjects: 2.896800 ms  DeleteObjects: 0.178000 ms)

========================================================================
Received Prepare
Registering precompiled user dll's ...
Registered in 0.005037 seconds.
Begin MonoManager ReloadAssembly
Native extension for WindowsStandalone target not found
Native extension for WebGL target not found
Refreshing native plugins compatible for Editor in 0.98 ms, found 1 plugins.
Preloading 0 native plugins for Editor in 0.00 ms.
Invoked RoslynAnalysisRunner static constructor.
RoslynAnalysisRunner will not be running.
RoslynAnalysisRunner has terminated.
Mono: successfully reloaded assembly
- Completed reload, in  1.767 seconds
Platform modules already initialized, skipping
Shader 'Universal Render Pipeline/Particles/Lit': fallback shader 'Universal Render Pipeline/Particles/SimpleLit' not found
Refreshing native plugins compatible for Editor in 1.16 ms, found 1 plugins.
Preloading 0 native plugins for Editor in 0.00 ms.
Unloading 3846 Unused Serialized files (Serialized files now loaded: 0)
System memory in use before: 155.9 MB.
System memory in use after: 156.2 MB.

Unloading 13 unused Assets to reduce memory usage. Loaded Objects now: 4430.
Total: 3.543600 ms (FindLiveObjects: 0.431600 ms CreateObjectMapping: 0.243100 ms MarkObjects: 2.772100 ms  DeleteObjects: 0.095300 ms)

========================================================================
Received Prepare
Registering precompiled user dll's ...
Registered in 0.003966 seconds.
Begin MonoManager ReloadAssembly
Native extension for WindowsStandalone target not found
Native extension for WebGL target not found
Refreshing native plugins compatible for Editor in 1.60 ms, found 1 plugins.
Preloading 0 native plugins for Editor in 0.00 ms.
Invoked RoslynAnalysisRunner static constructor.
RoslynAnalysisRunner will not be running.
RoslynAnalysisRunner has terminated.
Mono: successfully reloaded assembly
- Completed reload, in  3.130 seconds
Platform modules already initialized, skipping
Shader 'Universal Render Pipeline/Particles/Lit': fallback shader 'Universal Render Pipeline/Particles/SimpleLit' not found
Refreshing native plugins compatible for Editor in 1.51 ms, found 1 plugins.
Preloading 0 native plugins for Editor in 0.00 ms.
Unloading 3846 Unused Serialized files (Serialized files now loaded: 0)
System memory in use before: 155.9 MB.
System memory in use after: 156.2 MB.

Unloading 13 unused Assets to reduce memory usage. Loaded Objects now: 4433.
Total: 5.741200 ms (FindLiveObjects: 0.847400 ms CreateObjectMapping: 0.427600 ms MarkObjects: 4.305300 ms  DeleteObjects: 0.158100 ms)

========================================================================
Received Prepare
Registering precompiled user dll's ...
Registered in 0.003851 seconds.
Begin MonoManager ReloadAssembly
Native extension for WindowsStandalone target not found
Native extension for WebGL target not found
Refreshing native plugins compatible for Editor in 1.00 ms, found 1 plugins.
Preloading 0 native plugins for Editor in 0.00 ms.
Invoked RoslynAnalysisRunner static constructor.
RoslynAnalysisRunner will not be running.
RoslynAnalysisRunner has terminated.
Mono: successfully reloaded assembly
- Completed reload, in  3.260 seconds
Platform modules already initialized, skipping
Shader 'Universal Render Pipeline/Particles/Lit': fallback shader 'Universal Render Pipeline/Particles/SimpleLit' not found
Refreshing native plugins compatible for Editor in 1.22 ms, found 1 plugins.
Preloading 0 native plugins for Editor in 0.00 ms.
Unloading 3846 Unused Serialized files (Serialized files now loaded: 0)
System memory in use before: 156.0 MB.
System memory in use after: 156.2 MB.

Unloading 13 unused Assets to reduce memory usage. Loaded Objects now: 4436.
Total: 4.852200 ms (FindLiveObjects: 0.624800 ms CreateObjectMapping: 0.225700 ms MarkObjects: 3.854500 ms  DeleteObjects: 0.144500 ms)

========================================================================
Received Prepare
Registering precompiled user dll's ...
Registered in 0.004694 seconds.
Begin MonoManager ReloadAssembly
Native extension for WindowsStandalone target not found
Native extension for WebGL target not found
Refreshing native plugins compatible for Editor in 1.01 ms, found 1 plugins.
Preloading 0 native plugins for Editor in 0.00 ms.
Invoked RoslynAnalysisRunner static constructor.
RoslynAnalysisRunner will not be running.
RoslynAnalysisRunner has terminated.
Mono: successfully reloaded assembly
- Completed reload, in  1.714 seconds
Platform modules already initialized, skipping
Shader 'Universal Render Pipeline/Particles/Lit': fallback shader 'Universal Render Pipeline/Particles/SimpleLit' not found
Refreshing native plugins compatible for Editor in 0.85 ms, found 1 plugins.
Preloading 0 native plugins for Editor in 0.00 ms.
Unloading 3846 Unused Serialized files (Serialized files now loaded: 0)
System memory in use before: 156.0 MB.
System memory in use after: 156.2 MB.

Unloading 13 unused Assets to reduce memory usage. Loaded Objects now: 4439.
Total: 3.570900 ms (FindLiveObjects: 0.352300 ms CreateObjectMapping: 0.156100 ms MarkObjects: 2.954200 ms  DeleteObjects: 0.107000 ms)

========================================================================
Received Prepare
Registering precompiled user dll's ...
Registered in 0.003945 seconds.
Begin MonoManager ReloadAssembly
Native extension for WindowsStandalone target not found
Native extension for WebGL target not found
Refreshing native plugins compatible for Editor in 1.37 ms, found 1 plugins.
Preloading 0 native plugins for Editor in 0.00 ms.
Invoked RoslynAnalysisRunner static constructor.
RoslynAnalysisRunner will not be running.
RoslynAnalysisRunner has terminated.
Mono: successfully reloaded assembly
- Completed reload, in  2.165 seconds
Platform modules already initialized, skipping
Shader 'Universal Render Pipeline/Particles/Lit': fallback shader 'Universal Render Pipeline/Particles/SimpleLit' not found
Refreshing native plugins compatible for Editor in 1.24 ms, found 1 plugins.
Preloading 0 native plugins for Editor in 0.00 ms.
Unloading 3846 Unused Serialized files (Serialized files now loaded: 0)
System memory in use before: 156.0 MB.
System memory in use after: 156.2 MB.

Unloading 13 unused Assets to reduce memory usage. Loaded Objects now: 4442.
Total: 4.979100 ms (FindLiveObjects: 0.569400 ms CreateObjectMapping: 0.316400 ms MarkObjects: 3.967400 ms  DeleteObjects: 0.123900 ms)

========================================================================
Received Prepare
Registering precompiled user dll's ...
Registered in 0.005667 seconds.
Begin MonoManager ReloadAssembly
Native extension for WindowsStandalone target not found
Native extension for WebGL target not found
Refreshing native plugins compatible for Editor in 1.15 ms, found 1 plugins.
Preloading 0 native plugins for Editor in 0.00 ms.
Invoked RoslynAnalysisRunner static constructor.
RoslynAnalysisRunner will not be running.
RoslynAnalysisRunner has terminated.
Mono: successfully reloaded assembly
- Completed reload, in  1.908 seconds
Platform modules already initialized, skipping
Shader 'Universal Render Pipeline/Particles/Lit': fallback shader 'Universal Render Pipeline/Particles/SimpleLit' not found
Refreshing native plugins compatible for Editor in 1.65 ms, found 1 plugins.
Preloading 0 native plugins for Editor in 0.00 ms.
Unloading 3846 Unused Serialized files (Serialized files now loaded: 0)
System memory in use before: 156.0 MB.
System memory in use after: 156.2 MB.

Unloading 13 unused Assets to reduce memory usage. Loaded Objects now: 4445.
Total: 2.724100 ms (FindLiveObjects: 0.481600 ms CreateObjectMapping: 0.217600 ms MarkObjects: 1.934000 ms  DeleteObjects: 0.090000 ms)

========================================================================
Received Prepare
Registering precompiled user dll's ...
Registered in 0.005855 seconds.
Begin MonoManager ReloadAssembly
Native extension for WindowsStandalone target not found
Native extension for WebGL target not found
Refreshing native plugins compatible for Editor in 1.15 ms, found 1 plugins.
Preloading 0 native plugins for Editor in 0.00 ms.
Invoked RoslynAnalysisRunner static constructor.
RoslynAnalysisRunner will not be running.
RoslynAnalysisRunner has terminated.
Mono: successfully reloaded assembly
- Completed reload, in  1.909 seconds
Platform modules already initialized, skipping
Shader 'Universal Render Pipeline/Particles/Lit': fallback shader 'Universal Render Pipeline/Particles/SimpleLit' not found
Refreshing native plugins compatible for Editor in 0.92 ms, found 1 plugins.
Preloading 0 native plugins for Editor in 0.00 ms.
Unloading 3846 Unused Serialized files (Serialized files now loaded: 0)
System memory in use before: 156.0 MB.
System memory in use after: 156.2 MB.

Unloading 13 unused Assets to reduce memory usage. Loaded Objects now: 4448.
Total: 3.417600 ms (FindLiveObjects: 0.560000 ms CreateObjectMapping: 0.298000 ms MarkObjects: 2.457700 ms  DeleteObjects: 0.100000 ms)

========================================================================
Received Prepare
Registering precompiled user dll's ...
Registered in 0.004951 seconds.
Begin MonoManager ReloadAssembly
Native extension for WindowsStandalone target not found
Native extension for WebGL target not found
Refreshing native plugins compatible for Editor in 0.97 ms, found 1 plugins.
Preloading 0 native plugins for Editor in 0.00 ms.
Invoked RoslynAnalysisRunner static constructor.
RoslynAnalysisRunner will not be running.
RoslynAnalysisRunner has terminated.
Mono: successfully reloaded assembly
- Completed reload, in  2.043 seconds
Platform modules already initialized, skipping
Shader 'Universal Render Pipeline/Particles/Lit': fallback shader 'Universal Render Pipeline/Particles/SimpleLit' not found
Refreshing native plugins compatible for Editor in 1.59 ms, found 1 plugins.
Preloading 0 native plugins for Editor in 0.00 ms.
Unloading 3846 Unused Serialized files (Serialized files now loaded: 0)
System memory in use before: 156.0 MB.
System memory in use after: 156.2 MB.

Unloading 13 unused Assets to reduce memory usage. Loaded Objects now: 4451.
Total: 3.680900 ms (FindLiveObjects: 0.608200 ms CreateObjectMapping: 0.250900 ms MarkObjects: 2.710000 ms  DeleteObjects: 0.108500 ms)

========================================================================
Received Prepare
Registering precompiled user dll's ...
Registered in 0.004932 seconds.
Begin MonoManager ReloadAssembly
Native extension for WindowsStandalone target not found
Native extension for WebGL target not found
Refreshing native plugins compatible for Editor in 1.13 ms, found 1 plugins.
Preloading 0 native plugins for Editor in 0.00 ms.
Invoked RoslynAnalysisRunner static constructor.
RoslynAnalysisRunner will not be running.
RoslynAnalysisRunner has terminated.
Mono: successfully reloaded assembly
- Completed reload, in  1.862 seconds
Platform modules already initialized, skipping
Shader 'Universal Render Pipeline/Particles/Lit': fallback shader 'Universal Render Pipeline/Particles/SimpleLit' not found
Refreshing native plugins compatible for Editor in 1.33 ms, found 1 plugins.
Preloading 0 native plugins for Editor in 0.00 ms.
Unloading 3846 Unused Serialized files (Serialized files now loaded: 0)
System memory in use before: 156.0 MB.
System memory in use after: 156.2 MB.

Unloading 13 unused Assets to reduce memory usage. Loaded Objects now: 4454.
Total: 3.198100 ms (FindLiveObjects: 0.565800 ms CreateObjectMapping: 0.201700 ms MarkObjects: 2.345700 ms  DeleteObjects: 0.083600 ms)

========================================================================
Received Prepare
Registering precompiled user dll's ...
Registered in 0.007658 seconds.
Begin MonoManager ReloadAssembly
Native extension for WindowsStandalone target not found
Native extension for WebGL target not found
Refreshing native plugins compatible for Editor in 1.29 ms, found 1 plugins.
Preloading 0 native plugins for Editor in 0.00 ms.
Invoked RoslynAnalysisRunner static constructor.
RoslynAnalysisRunner will not be running.
RoslynAnalysisRunner has terminated.
Mono: successfully reloaded assembly
- Completed reload, in  2.325 seconds
Platform modules already initialized, skipping
Shader 'Universal Render Pipeline/Particles/Lit': fallback shader 'Universal Render Pipeline/Particles/SimpleLit' not found
Refreshing native plugins compatible for Editor in 1.90 ms, found 1 plugins.
Preloading 0 native plugins for Editor in 0.00 ms.
Unloading 3846 Unused Serialized files (Serialized files now loaded: 0)
System memory in use before: 156.0 MB.
System memory in use after: 156.2 MB.

Unloading 13 unused Assets to reduce memory usage. Loaded Objects now: 4457.
Total: 5.072500 ms (FindLiveObjects: 0.411800 ms CreateObjectMapping: 0.173100 ms MarkObjects: 4.346000 ms  DeleteObjects: 0.139300 ms)

========================================================================
Received Import Request.
  Time since last request: 2591.587085 seconds.
  path: Assets/laikaDialogues (Auto-Backup).asset
  artifactKey: Guid(989798cd05785d343b0018e60a310f58) Importer(815301076,1909f56bfc062723c751e8b465ee728b)
Start importing Assets/laikaDialogues (Auto-Backup).asset using Guid(989798cd05785d343b0018e60a310f58) Importer(815301076,1909f56bfc062723c751e8b465ee728b)  -> (artifact id: '6838abb2a148c096bc5e466499ea67dc') in 0.078215 seconds
  Import took 0.090865 seconds .

========================================================================
Received Import Request.
  Time since last request: 3.628289 seconds.
  path: Assets/Scenes/start.unity
  artifactKey: Guid(8d4bcae4e5ea335448883d98cac1bb83) Importer(815301076,1909f56bfc062723c751e8b465ee728b)
Start importing Assets/Scenes/start.unity using Guid(8d4bcae4e5ea335448883d98cac1bb83) Importer(815301076,1909f56bfc062723c751e8b465ee728b)  -> (artifact id: '396205624b83eb77f43e3fb5ec5ce840') in 0.013749 seconds
  Import took 0.025098 seconds .

========================================================================
Received Prepare
Registering precompiled user dll's ...
Registered in 0.004460 seconds.
Begin MonoManager ReloadAssembly
Native extension for WindowsStandalone target not found
Native extension for WebGL target not found
Refreshing native plugins compatible for Editor in 1.33 ms, found 1 plugins.
Preloading 0 native plugins for Editor in 0.00 ms.
Invoked RoslynAnalysisRunner static constructor.
RoslynAnalysisRunner will not be running.
RoslynAnalysisRunner has terminated.
Mono: successfully reloaded assembly
- Completed reload, in  2.069 seconds
Platform modules already initialized, skipping
Shader 'Universal Render Pipeline/Particles/Lit': fallback shader 'Universal Render Pipeline/Particles/SimpleLit' not found
Refreshing native plugins compatible for Editor in 1.61 ms, found 1 plugins.
Preloading 0 native plugins for Editor in 0.00 ms.
Unloading 3846 Unused Serialized files (Serialized files now loaded: 0)
System memory in use before: 156.0 MB.
System memory in use after: 156.2 MB.

Unloading 13 unused Assets to reduce memory usage. Loaded Objects now: 4460.
Total: 5.290500 ms (FindLiveObjects: 0.773500 ms CreateObjectMapping: 0.399900 ms MarkObjects: 3.987500 ms  DeleteObjects: 0.127300 ms)

========================================================================
Received Import Request.
  Time since last request: 55.257891 seconds.
  path: Assets/Scenes/mainGame.unity
  artifactKey: Guid(9fc0d4010bbf28b4594072e72b8655ab) Importer(815301076,1909f56bfc062723c751e8b465ee728b)
Start importing Assets/Scenes/mainGame.unity using Guid(9fc0d4010bbf28b4594072e72b8655ab) Importer(815301076,1909f56bfc062723c751e8b465ee728b)  -> (artifact id: 'a7658afba0916b24966dd670be598272') in 0.044842 seconds
  Import took 0.058979 seconds .

========================================================================
Received Prepare
Registering precompiled user dll's ...
Registered in 0.006133 seconds.
Begin MonoManager ReloadAssembly
Native extension for WindowsStandalone target not found
Native extension for WebGL target not found
Refreshing native plugins compatible for Editor in 1.34 ms, found 1 plugins.
Preloading 0 native plugins for Editor in 0.00 ms.
Invoked RoslynAnalysisRunner static constructor.
RoslynAnalysisRunner will not be running.
RoslynAnalysisRunner has terminated.
Mono: successfully reloaded assembly
- Completed reload, in  2.105 seconds
Platform modules already initialized, skipping
Shader 'Universal Render Pipeline/Particles/Lit': fallback shader 'Universal Render Pipeline/Particles/SimpleLit' not found
Refreshing native plugins compatible for Editor in 1.06 ms, found 1 plugins.
Preloading 0 native plugins for Editor in 0.00 ms.
Unloading 3846 Unused Serialized files (Serialized files now loaded: 0)
System memory in use before: 156.0 MB.
System memory in use after: 156.3 MB.

Unloading 13 unused Assets to reduce memory usage. Loaded Objects now: 4463.
Total: 3.385400 ms (FindLiveObjects: 0.664000 ms CreateObjectMapping: 0.316900 ms MarkObjects: 2.311900 ms  DeleteObjects: 0.091100 ms)

========================================================================
Received Prepare
Registering precompiled user dll's ...
Registered in 0.003789 seconds.
Begin MonoManager ReloadAssembly
Native extension for WindowsStandalone target not found
Native extension for WebGL target not found
Refreshing native plugins compatible for Editor in 1.00 ms, found 1 plugins.
Preloading 0 native plugins for Editor in 0.00 ms.
Invoked RoslynAnalysisRunner static constructor.
RoslynAnalysisRunner will not be running.
RoslynAnalysisRunner has terminated.
Mono: successfully reloaded assembly
- Completed reload, in  2.042 seconds
Platform modules already initialized, skipping
Shader 'Universal Render Pipeline/Particles/Lit': fallback shader 'Universal Render Pipeline/Particles/SimpleLit' not found
Refreshing native plugins compatible for Editor in 1.44 ms, found 1 plugins.
Preloading 0 native plugins for Editor in 0.00 ms.
Unloading 3846 Unused Serialized files (Serialized files now loaded: 0)
System memory in use before: 156.0 MB.
System memory in use after: 156.3 MB.

Unloading 13 unused Assets to reduce memory usage. Loaded Objects now: 4466.
Total: 5.950300 ms (FindLiveObjects: 0.574200 ms CreateObjectMapping: 0.223900 ms MarkObjects: 5.001700 ms  DeleteObjects: 0.147800 ms)

========================================================================
Received Prepare
Registering precompiled user dll's ...
Registered in 0.003173 seconds.
Begin MonoManager ReloadAssembly
Native extension for WindowsStandalone target not found
Native extension for WebGL target not found
Refreshing native plugins compatible for Editor in 1.33 ms, found 1 plugins.
Preloading 0 native plugins for Editor in 0.00 ms.
Invoked RoslynAnalysisRunner static constructor.
RoslynAnalysisRunner will not be running.
RoslynAnalysisRunner has terminated.
Mono: successfully reloaded assembly
- Completed reload, in  2.065 seconds
Platform modules already initialized, skipping
Shader 'Universal Render Pipeline/Particles/Lit': fallback shader 'Universal Render Pipeline/Particles/SimpleLit' not found
Refreshing native plugins compatible for Editor in 1.28 ms, found 1 plugins.
Preloading 0 native plugins for Editor in 0.00 ms.
Unloading 3846 Unused Serialized files (Serialized files now loaded: 0)
System memory in use before: 156.0 MB.
System memory in use after: 156.3 MB.

Unloading 13 unused Assets to reduce memory usage. Loaded Objects now: 4469.
Total: 2.943200 ms (FindLiveObjects: 0.432100 ms CreateObjectMapping: 0.176200 ms MarkObjects: 2.215500 ms  DeleteObjects: 0.117600 ms)

========================================================================
Received Prepare
Registering precompiled user dll's ...
Registered in 0.002952 seconds.
Begin MonoManager ReloadAssembly
Native extension for WindowsStandalone target not found
Native extension for WebGL target not found
Refreshing native plugins compatible for Editor in 1.28 ms, found 1 plugins.
Preloading 0 native plugins for Editor in 0.00 ms.
Invoked RoslynAnalysisRunner static constructor.
RoslynAnalysisRunner will not be running.
RoslynAnalysisRunner has terminated.
Mono: successfully reloaded assembly
- Completed reload, in  1.555 seconds
Platform modules already initialized, skipping
Shader 'Universal Render Pipeline/Particles/Lit': fallback shader 'Universal Render Pipeline/Particles/SimpleLit' not found
Refreshing native plugins compatible for Editor in 0.72 ms, found 1 plugins.
Preloading 0 native plugins for Editor in 0.00 ms.
Unloading 3846 Unused Serialized files (Serialized files now loaded: 0)
System memory in use before: 156.0 MB.
System memory in use after: 156.3 MB.

Unloading 13 unused Assets to reduce memory usage. Loaded Objects now: 4472.
Total: 2.703400 ms (FindLiveObjects: 0.452700 ms CreateObjectMapping: 0.151700 ms MarkObjects: 2.009700 ms  DeleteObjects: 0.087400 ms)

========================================================================
Received Prepare
Registering precompiled user dll's ...
Registered in 0.003776 seconds.
Begin MonoManager ReloadAssembly
Native extension for WindowsStandalone target not found
Native extension for WebGL target not found
Refreshing native plugins compatible for Editor in 1.32 ms, found 1 plugins.
Preloading 0 native plugins for Editor in 0.00 ms.
Invoked RoslynAnalysisRunner static constructor.
RoslynAnalysisRunner will not be running.
RoslynAnalysisRunner has terminated.
Mono: successfully reloaded assembly
- Completed reload, in  4.191 seconds
Platform modules already initialized, skipping
Shader 'Universal Render Pipeline/Particles/Lit': fallback shader 'Universal Render Pipeline/Particles/SimpleLit' not found
Refreshing native plugins compatible for Editor in 1.13 ms, found 1 plugins.
Preloading 0 native plugins for Editor in 0.00 ms.
Unloading 3846 Unused Serialized files (Serialized files now loaded: 0)
System memory in use before: 156.1 MB.
System memory in use after: 156.3 MB.

Unloading 13 unused Assets to reduce memory usage. Loaded Objects now: 4475.
Total: 4.864800 ms (FindLiveObjects: 0.587900 ms CreateObjectMapping: 0.366000 ms MarkObjects: 3.765500 ms  DeleteObjects: 0.127100 ms)

========================================================================
Received Prepare
Registering precompiled user dll's ...
Registered in 0.004112 seconds.
Begin MonoManager ReloadAssembly
Native extension for WindowsStandalone target not found
Native extension for WebGL target not found
Refreshing native plugins compatible for Editor in 1.42 ms, found 1 plugins.
Preloading 0 native plugins for Editor in 0.00 ms.
Invoked RoslynAnalysisRunner static constructor.
RoslynAnalysisRunner will not be running.
RoslynAnalysisRunner has terminated.
Mono: successfully reloaded assembly
- Completed reload, in  1.999 seconds
Platform modules already initialized, skipping
Shader 'Universal Render Pipeline/Particles/Lit': fallback shader 'Universal Render Pipeline/Particles/SimpleLit' not found
Refreshing native plugins compatible for Editor in 1.35 ms, found 1 plugins.
Preloading 0 native plugins for Editor in 0.00 ms.
Unloading 3846 Unused Serialized files (Serialized files now loaded: 0)
System memory in use before: 156.1 MB.
System memory in use after: 156.3 MB.

Unloading 13 unused Assets to reduce memory usage. Loaded Objects now: 4478.
Total: 3.409200 ms (FindLiveObjects: 0.662500 ms CreateObjectMapping: 0.188100 ms MarkObjects: 2.445000 ms  DeleteObjects: 0.112300 ms)

========================================================================
Received Prepare
Registering precompiled user dll's ...
Registered in 0.002680 seconds.
Begin MonoManager ReloadAssembly
Native extension for WindowsStandalone target not found
Native extension for WebGL target not found
Refreshing native plugins compatible for Editor in 0.86 ms, found 1 plugins.
Preloading 0 native plugins for Editor in 0.00 ms.
Invoked RoslynAnalysisRunner static constructor.
RoslynAnalysisRunner will not be running.
RoslynAnalysisRunner has terminated.
Mono: successfully reloaded assembly
- Completed reload, in  2.542 seconds
Platform modules already initialized, skipping
Shader 'Universal Render Pipeline/Particles/Lit': fallback shader 'Universal Render Pipeline/Particles/SimpleLit' not found
Refreshing native plugins compatible for Editor in 2.80 ms, found 1 plugins.
Preloading 0 native plugins for Editor in 0.00 ms.
Unloading 3846 Unused Serialized files (Serialized files now loaded: 0)
System memory in use before: 156.1 MB.
System memory in use after: 156.3 MB.

Unloading 13 unused Assets to reduce memory usage. Loaded Objects now: 4481.
Total: 6.868400 ms (FindLiveObjects: 0.721000 ms CreateObjectMapping: 0.296000 ms MarkObjects: 5.719000 ms  DeleteObjects: 0.130600 ms)

========================================================================
Received Prepare
Registering precompiled user dll's ...
Registered in 0.004122 seconds.
Begin MonoManager ReloadAssembly
Native extension for WindowsStandalone target not found
Native extension for WebGL target not found
Refreshing native plugins compatible for Editor in 1.35 ms, found 1 plugins.
Preloading 0 native plugins for Editor in 0.00 ms.
Invoked RoslynAnalysisRunner static constructor.
RoslynAnalysisRunner will not be running.
RoslynAnalysisRunner has terminated.
Mono: successfully reloaded assembly
- Completed reload, in  2.933 seconds
Platform modules already initialized, skipping
Shader 'Universal Render Pipeline/Particles/Lit': fallback shader 'Universal Render Pipeline/Particles/SimpleLit' not found
Refreshing native plugins compatible for Editor in 1.22 ms, found 1 plugins.
Preloading 0 native plugins for Editor in 0.00 ms.
Unloading 3846 Unused Serialized files (Serialized files now loaded: 0)
System memory in use before: 156.1 MB.
System memory in use after: 156.3 MB.

Unloading 13 unused Assets to reduce memory usage. Loaded Objects now: 4484.
Total: 3.895900 ms (FindLiveObjects: 0.840500 ms CreateObjectMapping: 0.426300 ms MarkObjects: 2.513200 ms  DeleteObjects: 0.114100 ms)

========================================================================
Received Prepare
Shader 'Universal Render Pipeline/Particles/Lit': fallback shader 'Universal Render Pipeline/Particles/SimpleLit' not found
Refreshing native plugins compatible for Editor in 16.83 ms, found 1 plugins.
Preloading 0 native plugins for Editor in 0.00 ms.
Unloading 9 Unused Serialized files (Serialized files now loaded: 0)
System memory in use before: 80.4 MB.
System memory in use after: 80.6 MB.

Unloading 9 unused Assets to reduce memory usage. Loaded Objects now: 4484.
Total: 18.012200 ms (FindLiveObjects: 1.618700 ms CreateObjectMapping: 0.636900 ms MarkObjects: 15.509500 ms  DeleteObjects: 0.244600 ms)

========================================================================
Received Prepare
Shader 'Universal Render Pipeline/Particles/Lit': fallback shader 'Universal Render Pipeline/Particles/SimpleLit' not found
Refreshing native plugins compatible for Editor in 4.40 ms, found 1 plugins.
Preloading 0 native plugins for Editor in 0.00 ms.
Unloading 9 Unused Serialized files (Serialized files now loaded: 0)
System memory in use before: 80.4 MB.
System memory in use after: 80.6 MB.

Unloading 9 unused Assets to reduce memory usage. Loaded Objects now: 4484.
Total: 24.771300 ms (FindLiveObjects: 5.133000 ms CreateObjectMapping: 0.275200 ms MarkObjects: 19.045700 ms  DeleteObjects: 0.314900 ms)

